;  LST file generated by mikroListExporter - v.2.0 
; Date/Time: 25-Aug-21 8:43:56 AM
;----------------------------------------------

;Address Opcode 	ASM
0x0000	0x2DC5      	GOTO       1477
_interrupt:
0x0004	0x00FF      	MOVWF      R15
0x0005	0x0E03      	SWAPF      STATUS, 0
0x0006	0x0183      	CLRF       STATUS
0x0007	0x00DA      	MOVWF      ___saveSTATUS
0x0008	0x080A      	MOVF       PCLATH, 0
0x0009	0x00DB      	MOVWF      ___savePCLATH
0x000A	0x018A      	CLRF       PCLATH
0x000B	0x0870      	MOVF       R0, 0
0x000C	0x00AC      	MOVWF      44
0x000D	0x0871      	MOVF       R1, 0
0x000E	0x00AB      	MOVWF      43
0x000F	0x0872      	MOVF       R2, 0
0x0010	0x00AA      	MOVWF      42
0x0011	0x0873      	MOVF       R3, 0
0x0012	0x00A9      	MOVWF      41
0x0013	0x0874      	MOVF       R4, 0
0x0014	0x00A8      	MOVWF      40
0x0015	0x0875      	MOVF       R5, 0
0x0016	0x00A7      	MOVWF      39
0x0017	0x0876      	MOVF       R6, 0
0x0018	0x00A6      	MOVWF      38
0x0019	0x0877      	MOVF       R7, 0
0x001A	0x00A5      	MOVWF      37
0x001B	0x0878      	MOVF       R8, 0
0x001C	0x00A4      	MOVWF      36
0x001D	0x0879      	MOVF       R9, 0
0x001E	0x00A3      	MOVWF      35
0x001F	0x087A      	MOVF       R10, 0
0x0020	0x00A2      	MOVWF      34
0x0021	0x087B      	MOVF       R11, 0
0x0022	0x00A1      	MOVWF      33
;pwmongpio.c,24 :: 		void interrupt()
;pwmongpio.c,26 :: 		if (tmr1if_bit){state=1-state;
0x0023	0x1C0C      	BTFSS      TMR1IF_bit, BitPos(TMR1IF_bit+0)
0x0024	0x28C4      	GOTO       L_interrupt0
0x0025	0x084F      	MOVF       _state, 0
0x0026	0x3C01      	SUBLW      1
0x0027	0x00CF      	MOVWF      _state
;pwmongpio.c,27 :: 		if (state)
0x0028	0x084F      	MOVF       _state, 0
0x0029	0x1903      	BTFSC      STATUS, 2
0x002A	0x286A      	GOTO       L_interrupt1
;pwmongpio.c,30 :: 		Ton=i;
0x002B	0x0850      	MOVF       _i, 0
0x002C	0x00C0      	MOVWF      _Ton
0x002D	0x0851      	MOVF       _i+1, 0
0x002E	0x00C1      	MOVWF      _Ton+1
0x002F	0x3000      	MOVLW      0
0x0030	0x1BC1      	BTFSC      _Ton+1, 7
0x0031	0x30FF      	MOVLW      255
0x0032	0x00C2      	MOVWF      _Ton+2
0x0033	0x00C3      	MOVWF      _Ton+3
;pwmongpio.c,31 :: 		tmrvalue1=65536- Ton;
0x0034	0x3000      	MOVLW      0
0x0035	0x00F0      	MOVWF      R0
0x0036	0x3000      	MOVLW      0
0x0037	0x00F1      	MOVWF      R0+1
0x0038	0x3001      	MOVLW      1
0x0039	0x00F2      	MOVWF      R0+2
0x003A	0x3000      	MOVLW      0
0x003B	0x00F3      	MOVWF      R0+3
0x003C	0x0870      	MOVF       R0, 0
0x003D	0x00F5      	MOVWF      R5
0x003E	0x0871      	MOVF       R0+1, 0
0x003F	0x00F6      	MOVWF      R5+1
0x0040	0x0872      	MOVF       R0+2, 0
0x0041	0x00F7      	MOVWF      R5+2
0x0042	0x0873      	MOVF       R0+3, 0
0x0043	0x00F8      	MOVWF      R5+3
0x0044	0x0840      	MOVF       _Ton, 0
0x0045	0x02F5      	SUBWF      R5, 1
0x0046	0x0841      	MOVF       _Ton+1, 0
0x0047	0x1C03      	BTFSS      STATUS, 0
0x0048	0x0F41      	INCFSZ     _Ton+1, 0
0x0049	0x02F6      	SUBWF      R5+1, 1
0x004A	0x0842      	MOVF       _Ton+2, 0
0x004B	0x1C03      	BTFSS      STATUS, 0
0x004C	0x0F42      	INCFSZ     _Ton+2, 0
0x004D	0x02F7      	SUBWF      R5+2, 1
0x004E	0x0843      	MOVF       _Ton+3, 0
0x004F	0x1C03      	BTFSS      STATUS, 0
0x0050	0x0F43      	INCFSZ     _Ton+3, 0
0x0051	0x02F8      	SUBWF      R5+3, 1
0x0052	0x0875      	MOVF       R5, 0
0x0053	0x00C8      	MOVWF      _tmrvalue1
0x0054	0x0876      	MOVF       R5+1, 0
0x0055	0x00C9      	MOVWF      _tmrvalue1+1
0x0056	0x0877      	MOVF       R5+2, 0
0x0057	0x00CA      	MOVWF      _tmrvalue1+2
0x0058	0x0878      	MOVF       R5+3, 0
0x0059	0x00CB      	MOVWF      _tmrvalue1+3
;pwmongpio.c,32 :: 		tmr1h=tmrvalue1>>8;   tmr1l=tmrvalue1&0x00ff;
0x005A	0x0876      	MOVF       R5+1, 0
0x005B	0x00F0      	MOVWF      R0
0x005C	0x0877      	MOVF       R5+2, 0
0x005D	0x00F1      	MOVWF      R0+1
0x005E	0x0878      	MOVF       R5+3, 0
0x005F	0x00F2      	MOVWF      R0+2
0x0060	0x3000      	MOVLW      0
0x0061	0x1BF8      	BTFSC      R5+3, 7
0x0062	0x30FF      	MOVLW      255
0x0063	0x00F3      	MOVWF      R0+3
0x0064	0x0870      	MOVF       R0, 0
0x0065	0x008F      	MOVWF      TMR1H
0x0066	0x30FF      	MOVLW      255
0x0067	0x0575      	ANDWF      R5, 0
0x0068	0x008E      	MOVWF      TMR1L
;pwmongpio.c,33 :: 		}
0x0069	0x28C3      	GOTO       L_interrupt2
L_interrupt1:
;pwmongpio.c,37 :: 		Toff=1000-Ton;
0x006A	0x30E8      	MOVLW      232
0x006B	0x00F0      	MOVWF      R0
0x006C	0x3003      	MOVLW      3
0x006D	0x00F1      	MOVWF      R0+1
0x006E	0x01F2      	CLRF       R0+2
0x006F	0x01F3      	CLRF       R0+3
0x0070	0x0870      	MOVF       R0, 0
0x0071	0x00F4      	MOVWF      R4
0x0072	0x0871      	MOVF       R0+1, 0
0x0073	0x00F5      	MOVWF      R4+1
0x0074	0x0872      	MOVF       R0+2, 0
0x0075	0x00F6      	MOVWF      R4+2
0x0076	0x0873      	MOVF       R0+3, 0
0x0077	0x00F7      	MOVWF      R4+3
0x0078	0x0840      	MOVF       _Ton, 0
0x0079	0x02F4      	SUBWF      R4, 1
0x007A	0x0841      	MOVF       _Ton+1, 0
0x007B	0x1C03      	BTFSS      STATUS, 0
0x007C	0x0F41      	INCFSZ     _Ton+1, 0
0x007D	0x02F5      	SUBWF      R4+1, 1
0x007E	0x0842      	MOVF       _Ton+2, 0
0x007F	0x1C03      	BTFSS      STATUS, 0
0x0080	0x0F42      	INCFSZ     _Ton+2, 0
0x0081	0x02F6      	SUBWF      R4+2, 1
0x0082	0x0843      	MOVF       _Ton+3, 0
0x0083	0x1C03      	BTFSS      STATUS, 0
0x0084	0x0F43      	INCFSZ     _Ton+3, 0
0x0085	0x02F7      	SUBWF      R4+3, 1
0x0086	0x0874      	MOVF       R4, 0
0x0087	0x00C4      	MOVWF      _Toff
0x0088	0x0875      	MOVF       R4+1, 0
0x0089	0x00C5      	MOVWF      _Toff+1
0x008A	0x0876      	MOVF       R4+2, 0
0x008B	0x00C6      	MOVWF      _Toff+2
0x008C	0x0877      	MOVF       R4+3, 0
0x008D	0x00C7      	MOVWF      _Toff+3
;pwmongpio.c,38 :: 		tmrvalue2=65536-Toff;
0x008E	0x3000      	MOVLW      0
0x008F	0x00F0      	MOVWF      R0
0x0090	0x3000      	MOVLW      0
0x0091	0x00F1      	MOVWF      R0+1
0x0092	0x3001      	MOVLW      1
0x0093	0x00F2      	MOVWF      R0+2
0x0094	0x3000      	MOVLW      0
0x0095	0x00F3      	MOVWF      R0+3
0x0096	0x0870      	MOVF       R0, 0
0x0097	0x00F8      	MOVWF      R8
0x0098	0x0871      	MOVF       R0+1, 0
0x0099	0x00F9      	MOVWF      R8+1
0x009A	0x0872      	MOVF       R0+2, 0
0x009B	0x00FA      	MOVWF      R8+2
0x009C	0x0873      	MOVF       R0+3, 0
0x009D	0x00FB      	MOVWF      R8+3
0x009E	0x0874      	MOVF       R4, 0
0x009F	0x02F8      	SUBWF      R8, 1
0x00A0	0x0875      	MOVF       R4+1, 0
0x00A1	0x1C03      	BTFSS      STATUS, 0
0x00A2	0x0F75      	INCFSZ     R4+1, 0
0x00A3	0x02F9      	SUBWF      R8+1, 1
0x00A4	0x0876      	MOVF       R4+2, 0
0x00A5	0x1C03      	BTFSS      STATUS, 0
0x00A6	0x0F76      	INCFSZ     R4+2, 0
0x00A7	0x02FA      	SUBWF      R8+2, 1
0x00A8	0x0877      	MOVF       R4+3, 0
0x00A9	0x1C03      	BTFSS      STATUS, 0
0x00AA	0x0F77      	INCFSZ     R4+3, 0
0x00AB	0x02FB      	SUBWF      R8+3, 1
0x00AC	0x0878      	MOVF       R8, 0
0x00AD	0x00BB      	MOVWF      _tmrvalue2
0x00AE	0x0879      	MOVF       R8+1, 0
0x00AF	0x00BC      	MOVWF      _tmrvalue2+1
0x00B0	0x087A      	MOVF       R8+2, 0
0x00B1	0x00BD      	MOVWF      _tmrvalue2+2
0x00B2	0x087B      	MOVF       R8+3, 0
0x00B3	0x00BE      	MOVWF      _tmrvalue2+3
;pwmongpio.c,39 :: 		tmr1h=tmrvalue2>>8;   tmr1l=tmrvalue2&0x00ff;
0x00B4	0x0879      	MOVF       R8+1, 0
0x00B5	0x00F0      	MOVWF      R0
0x00B6	0x087A      	MOVF       R8+2, 0
0x00B7	0x00F1      	MOVWF      R0+1
0x00B8	0x087B      	MOVF       R8+3, 0
0x00B9	0x00F2      	MOVWF      R0+2
0x00BA	0x3000      	MOVLW      0
0x00BB	0x1BFB      	BTFSC      R8+3, 7
0x00BC	0x30FF      	MOVLW      255
0x00BD	0x00F3      	MOVWF      R0+3
0x00BE	0x0870      	MOVF       R0, 0
0x00BF	0x008F      	MOVWF      TMR1H
0x00C0	0x30FF      	MOVLW      255
0x00C1	0x0578      	ANDWF      R8, 0
0x00C2	0x008E      	MOVWF      TMR1L
;pwmongpio.c,40 :: 		}
L_interrupt2:
;pwmongpio.c,43 :: 		tmr1if_bit=0;
0x00C3	0x100C      	BCF        TMR1IF_bit, BitPos(TMR1IF_bit+0)
;pwmongpio.c,44 :: 		}
L_interrupt0:
;pwmongpio.c,45 :: 		}
L_end_interrupt:
L__interrupt6:
0x00C4	0x082C      	MOVF       44, 0
0x00C5	0x00F0      	MOVWF      R0
0x00C6	0x082B      	MOVF       43, 0
0x00C7	0x00F1      	MOVWF      R1
0x00C8	0x082A      	MOVF       42, 0
0x00C9	0x00F2      	MOVWF      R2
0x00CA	0x0829      	MOVF       41, 0
0x00CB	0x00F3      	MOVWF      R3
0x00CC	0x0828      	MOVF       40, 0
0x00CD	0x00F4      	MOVWF      R4
0x00CE	0x0827      	MOVF       39, 0
0x00CF	0x00F5      	MOVWF      R5
0x00D0	0x0826      	MOVF       38, 0
0x00D1	0x00F6      	MOVWF      R6
0x00D2	0x0825      	MOVF       37, 0
0x00D3	0x00F7      	MOVWF      R7
0x00D4	0x0824      	MOVF       36, 0
0x00D5	0x00F8      	MOVWF      R8
0x00D6	0x0823      	MOVF       35, 0
0x00D7	0x00F9      	MOVWF      R9
0x00D8	0x0822      	MOVF       34, 0
0x00D9	0x00FA      	MOVWF      R10
0x00DA	0x0821      	MOVF       33, 0
0x00DB	0x00FB      	MOVWF      R11
0x00DC	0x085B      	MOVF       ___savePCLATH, 0
0x00DD	0x008A      	MOVWF      PCLATH
0x00DE	0x0E5A      	SWAPF      ___saveSTATUS, 0
0x00DF	0x0083      	MOVWF      STATUS
0x00E0	0x0EFF      	SWAPF      R15, 1
0x00E1	0x0E7F      	SWAPF      R15, 0
0x00E2	0x0009      	RETFIE
; end of _interrupt
_Delay_1us:
;__Lib_Delays.c,7 :: 		void Delay_1us() {
;__Lib_Delays.c,8 :: 		Delay_us(1);
0x00E3	0x0000      	NOP
;__Lib_Delays.c,9 :: 		}
L_end_Delay_1us:
0x00E4	0x0008      	RETURN
; end of _Delay_1us
_Delay_5500us:
;__Lib_Delays.c,31 :: 		void Delay_5500us() {
;__Lib_Delays.c,32 :: 		Delay_us(5500);
0x00E5	0x3008      	MOVLW      8
0x00E6	0x1283      	BCF        STATUS, 5
0x00E7	0x1303      	BCF        STATUS, 6
0x00E8	0x00FC      	MOVWF      R12
0x00E9	0x3023      	MOVLW      35
0x00EA	0x00FD      	MOVWF      R13
L_Delay_5500us5:
0x00EB	0x0BFD      	DECFSZ     R13, 1
0x00EC	0x28EB      	GOTO       L_Delay_5500us5
0x00ED	0x0BFC      	DECFSZ     R12, 1
0x00EE	0x28EB      	GOTO       L_Delay_5500us5
;__Lib_Delays.c,33 :: 		}
L_end_Delay_5500us:
0x00EF	0x0008      	RETURN
; end of _Delay_5500us
_Delay_50us:
;__Lib_Delays.c,19 :: 		void Delay_50us() {
;__Lib_Delays.c,20 :: 		Delay_us(50);
0x00F0	0x3010      	MOVLW      16
0x00F1	0x1283      	BCF        STATUS, 5
0x00F2	0x1303      	BCF        STATUS, 6
0x00F3	0x00FD      	MOVWF      R13
L_Delay_50us2:
0x00F4	0x0BFD      	DECFSZ     R13, 1
0x00F5	0x28F4      	GOTO       L_Delay_50us2
0x00F6	0x0000      	NOP
;__Lib_Delays.c,21 :: 		}
L_end_Delay_50us:
0x00F7	0x0008      	RETURN
; end of _Delay_50us
_Lcd_Cmd:
;__Lib_Lcd.c,18 :: 		
;__Lib_Lcd.c,20 :: 		
0x00F8	0x1283      	BCF        STATUS, 5
0x00F9	0x1303      	BCF        STATUS, 6
0x00FA	0x1BEA      	BTFSC      FARG_Lcd_Cmd_out_char, 7
0x00FB	0x28FE      	GOTO       L__Lcd_Cmd21
0x00FC	0x1287      	BCF        lcd_d7, BitPos(lcd_d7+0)
0x00FD	0x28FF      	GOTO       L__Lcd_Cmd22
L__Lcd_Cmd21:
0x00FE	0x1687      	BSF        lcd_d7, BitPos(lcd_d7+0)
L__Lcd_Cmd22:
;__Lib_Lcd.c,21 :: 		
0x00FF	0x1B6A      	BTFSC      FARG_Lcd_Cmd_out_char, 6
0x0100	0x2903      	GOTO       L__Lcd_Cmd23
0x0101	0x1207      	BCF        lcd_d6, BitPos(lcd_d6+0)
0x0102	0x2904      	GOTO       L__Lcd_Cmd24
L__Lcd_Cmd23:
0x0103	0x1607      	BSF        lcd_d6, BitPos(lcd_d6+0)
L__Lcd_Cmd24:
;__Lib_Lcd.c,22 :: 		
0x0104	0x1AEA      	BTFSC      FARG_Lcd_Cmd_out_char, 5
0x0105	0x2908      	GOTO       L__Lcd_Cmd25
0x0106	0x1187      	BCF        lcd_d5, BitPos(lcd_d5+0)
0x0107	0x2909      	GOTO       L__Lcd_Cmd26
L__Lcd_Cmd25:
0x0108	0x1587      	BSF        lcd_d5, BitPos(lcd_d5+0)
L__Lcd_Cmd26:
;__Lib_Lcd.c,23 :: 		
0x0109	0x1A6A      	BTFSC      FARG_Lcd_Cmd_out_char, 4
0x010A	0x290D      	GOTO       L__Lcd_Cmd27
0x010B	0x1107      	BCF        lcd_d4, BitPos(lcd_d4+0)
0x010C	0x290E      	GOTO       L__Lcd_Cmd28
L__Lcd_Cmd27:
0x010D	0x1507      	BSF        lcd_d4, BitPos(lcd_d4+0)
L__Lcd_Cmd28:
;__Lib_Lcd.c,25 :: 		
0x010E	0x183F      	BTFSC      __Lib_Lcd_cmd_status, BitPos(__Lib_Lcd_cmd_status+0)
0x010F	0x2912      	GOTO       L__Lcd_Cmd29
0x0110	0x1407      	BSF        lcd_rs, BitPos(lcd_rs+0)
0x0111	0x2913      	GOTO       L__Lcd_Cmd30
L__Lcd_Cmd29:
0x0112	0x1007      	BCF        lcd_rs, BitPos(lcd_rs+0)
L__Lcd_Cmd30:
;__Lib_Lcd.c,28 :: 		
0x0113	0x1487      	BSF        lcd_en, BitPos(lcd_en+0)
;__Lib_Lcd.c,29 :: 		
0x0114	0x20E3      	CALL       _Delay_1us
;__Lib_Lcd.c,30 :: 		
0x0115	0x1087      	BCF        lcd_en, BitPos(lcd_en+0)
;__Lib_Lcd.c,33 :: 		
0x0116	0x19EA      	BTFSC      FARG_Lcd_Cmd_out_char, 3
0x0117	0x291A      	GOTO       L__Lcd_Cmd31
0x0118	0x1287      	BCF        lcd_d7, BitPos(lcd_d7+0)
0x0119	0x291B      	GOTO       L__Lcd_Cmd32
L__Lcd_Cmd31:
0x011A	0x1687      	BSF        lcd_d7, BitPos(lcd_d7+0)
L__Lcd_Cmd32:
;__Lib_Lcd.c,34 :: 		
0x011B	0x196A      	BTFSC      FARG_Lcd_Cmd_out_char, 2
0x011C	0x291F      	GOTO       L__Lcd_Cmd33
0x011D	0x1207      	BCF        lcd_d6, BitPos(lcd_d6+0)
0x011E	0x2920      	GOTO       L__Lcd_Cmd34
L__Lcd_Cmd33:
0x011F	0x1607      	BSF        lcd_d6, BitPos(lcd_d6+0)
L__Lcd_Cmd34:
;__Lib_Lcd.c,35 :: 		
0x0120	0x18EA      	BTFSC      FARG_Lcd_Cmd_out_char, 1
0x0121	0x2924      	GOTO       L__Lcd_Cmd35
0x0122	0x1187      	BCF        lcd_d5, BitPos(lcd_d5+0)
0x0123	0x2925      	GOTO       L__Lcd_Cmd36
L__Lcd_Cmd35:
0x0124	0x1587      	BSF        lcd_d5, BitPos(lcd_d5+0)
L__Lcd_Cmd36:
;__Lib_Lcd.c,36 :: 		
0x0125	0x186A      	BTFSC      FARG_Lcd_Cmd_out_char, 0
0x0126	0x2929      	GOTO       L__Lcd_Cmd37
0x0127	0x1107      	BCF        lcd_d4, BitPos(lcd_d4+0)
0x0128	0x292A      	GOTO       L__Lcd_Cmd38
L__Lcd_Cmd37:
0x0129	0x1507      	BSF        lcd_d4, BitPos(lcd_d4+0)
L__Lcd_Cmd38:
;__Lib_Lcd.c,38 :: 		
0x012A	0x183F      	BTFSC      __Lib_Lcd_cmd_status, BitPos(__Lib_Lcd_cmd_status+0)
0x012B	0x292E      	GOTO       L__Lcd_Cmd39
0x012C	0x1407      	BSF        lcd_rs, BitPos(lcd_rs+0)
0x012D	0x292F      	GOTO       L__Lcd_Cmd40
L__Lcd_Cmd39:
0x012E	0x1007      	BCF        lcd_rs, BitPos(lcd_rs+0)
L__Lcd_Cmd40:
;__Lib_Lcd.c,40 :: 		
0x012F	0x1487      	BSF        lcd_en, BitPos(lcd_en+0)
;__Lib_Lcd.c,41 :: 		
0x0130	0x20E3      	CALL       _Delay_1us
;__Lib_Lcd.c,42 :: 		
0x0131	0x1087      	BCF        lcd_en, BitPos(lcd_en+0)
;__Lib_Lcd.c,44 :: 		
0x0132	0x1C3F      	BTFSS      __Lib_Lcd_cmd_status, BitPos(__Lib_Lcd_cmd_status+0)
0x0133	0x2936      	GOTO       L_Lcd_Cmd0
;__Lib_Lcd.c,45 :: 		
0x0134	0x20E5      	CALL       _Delay_5500us
0x0135	0x2937      	GOTO       L_Lcd_Cmd1
L_Lcd_Cmd0:
;__Lib_Lcd.c,47 :: 		
0x0136	0x20F0      	CALL       _Delay_50us
L_Lcd_Cmd1:
;__Lib_Lcd.c,48 :: 		
L_end_Lcd_Cmd:
0x0137	0x0008      	RETURN
; end of _Lcd_Cmd
_Div_16X16_U:
;__Lib_Math.c,215 :: 		
;__Lib_Math.c,222 :: 		
0x0138	0x1283      	BCF        STATUS, 5
;__Lib_Math.c,223 :: 		
0x0139	0x1303      	BCF        STATUS, 6
;__Lib_Math.c,224 :: 		
0x013A	0x01F8      	CLRF       R8
;__Lib_Math.c,225 :: 		
0x013B	0x01F9      	CLRF       R9
;__Lib_Math.c,226 :: 		
0x013C	0x3010      	MOVLW      16
;__Lib_Math.c,227 :: 		
0x013D	0x00FC      	MOVWF      R12
;__Lib_Math.c,228 :: 		
0x013E	0x0D71      	RLF        R1, 0
;__Lib_Math.c,229 :: 		
0x013F	0x0DF8      	RLF        R8, 1
;__Lib_Math.c,230 :: 		
0x0140	0x0DF9      	RLF        R9, 1
;__Lib_Math.c,231 :: 		
0x0141	0x0874      	MOVF       R4, 0
;__Lib_Math.c,232 :: 		
0x0142	0x02F8      	SUBWF      R8, 1
;__Lib_Math.c,233 :: 		
0x0143	0x0875      	MOVF       R5, 0
;__Lib_Math.c,234 :: 		
0x0144	0x1C03      	BTFSS      STATUS, 0
;__Lib_Math.c,235 :: 		
0x0145	0x0F75      	INCFSZ     R5, 0
;__Lib_Math.c,236 :: 		
0x0146	0x02F9      	SUBWF      R9, 1
;__Lib_Math.c,237 :: 		
0x0147	0x1803      	BTFSC      STATUS, 0
;__Lib_Math.c,238 :: 		
0x0148	0x2950      	GOTO       $+8
;__Lib_Math.c,239 :: 		
0x0149	0x0874      	MOVF       R4, 0
;__Lib_Math.c,240 :: 		
0x014A	0x07F8      	ADDWF      R8, 1
;__Lib_Math.c,241 :: 		
0x014B	0x0875      	MOVF       R5, 0
;__Lib_Math.c,242 :: 		
0x014C	0x1803      	BTFSC      STATUS, 0
;__Lib_Math.c,243 :: 		
0x014D	0x0F75      	INCFSZ     R5, 0
;__Lib_Math.c,244 :: 		
0x014E	0x07F9      	ADDWF      R9, 1
;__Lib_Math.c,245 :: 		
0x014F	0x1003      	BCF        STATUS, 0
;__Lib_Math.c,246 :: 		
0x0150	0x0DF0      	RLF        R0, 1
;__Lib_Math.c,247 :: 		
0x0151	0x0DF1      	RLF        R1, 1
;__Lib_Math.c,248 :: 		
0x0152	0x0BFC      	DECFSZ     R12, 1
;__Lib_Math.c,249 :: 		
0x0153	0x293E      	GOTO       $-21
;__Lib_Math.c,251 :: 		
L_end_Div_16X16_U:
0x0154	0x0008      	RETURN
; end of _Div_16X16_U
_Lcd_Chr_CP:
;__Lib_Lcd.c,50 :: 		
;__Lib_Lcd.c,52 :: 		
0x0155	0x1283      	BCF        STATUS, 5
0x0156	0x1303      	BCF        STATUS, 6
0x0157	0x103F      	BCF        __Lib_Lcd_cmd_status, BitPos(__Lib_Lcd_cmd_status+0)
;__Lib_Lcd.c,53 :: 		
0x0158	0x0865      	MOVF       FARG_Lcd_Chr_CP_out_char, 0
0x0159	0x00EA      	MOVWF      FARG_Lcd_Cmd_out_char
0x015A	0x20F8      	CALL       _Lcd_Cmd
;__Lib_Lcd.c,54 :: 		
0x015B	0x143F      	BSF        __Lib_Lcd_cmd_status, BitPos(__Lib_Lcd_cmd_status+0)
;__Lib_Lcd.c,55 :: 		
L_end_Lcd_Chr_CP:
0x015C	0x0008      	RETURN
; end of _Lcd_Chr_CP
_COMFREM:
;__Lib_Math.c,1067 :: 		
;__Lib_Math.c,1071 :: 		
0x015D	0x09FB      	COMF       R11, 1
;__Lib_Math.c,1072 :: 		
0x015E	0x09FA      	COMF       R10, 1
;__Lib_Math.c,1073 :: 		
0x015F	0x09F9      	COMF       R9, 1
;__Lib_Math.c,1074 :: 		
0x0160	0x09F8      	COMF       R8, 1
;__Lib_Math.c,1075 :: 		
0x0161	0x0AF8      	INCF       R8, 1
;__Lib_Math.c,1076 :: 		
0x0162	0x1903      	BTFSC      STATUS, 2
;__Lib_Math.c,1077 :: 		
0x0163	0x0AF9      	INCF       R9, 1
;__Lib_Math.c,1078 :: 		
0x0164	0x1903      	BTFSC      STATUS, 2
;__Lib_Math.c,1079 :: 		
0x0165	0x0AFA      	INCF       R10, 1
;__Lib_Math.c,1080 :: 		
0x0166	0x1903      	BTFSC      STATUS, 2
;__Lib_Math.c,1081 :: 		
0x0167	0x0AFB      	INCF       R11, 1
;__Lib_Math.c,1083 :: 		
L_end_COMFREM:
0x0168	0x0008      	RETURN
; end of _COMFREM
_____DoICP:
;__Lib_System.c,6 :: 		
;__Lib_System.c,9 :: 		
0x0169	0x1283      	BCF        STATUS, 5
0x016A	0x1303      	BCF        STATUS, 6
0x016B	0x083A      	MOVF       ___DoICPAddr+1, 0
0x016C	0x008A      	MOVWF      PCLATH
;__Lib_System.c,10 :: 		
0x016D	0x0839      	MOVF       ___DoICPAddr, 0
0x016E	0x0082      	MOVWF      PCL
;__Lib_System.c,12 :: 		
L_end_____DoICP:
0x016F	0x0008      	RETURN
; end of _____DoICP
_WordToStr:
;__Lib_Conversions.c,98 :: 		
;__Lib_Conversions.c,103 :: 		
0x0170	0x1283      	BCF        STATUS, 5
0x0171	0x1303      	BCF        STATUS, 6
0x0172	0x01E8      	CLRF       WordToStr_len_L0
L_WordToStr11:
0x0173	0x3005      	MOVLW      5
0x0174	0x0268      	SUBWF      WordToStr_len_L0, 0
0x0175	0x1803      	BTFSC      STATUS, 0
0x0176	0x297E      	GOTO       L_WordToStr12
;__Lib_Conversions.c,104 :: 		
0x0177	0x0868      	MOVF       WordToStr_len_L0, 0
0x0178	0x0767      	ADDWF      FARG_WordToStr_output, 0
0x0179	0x0084      	MOVWF      FSR
0x017A	0x3020      	MOVLW      32
0x017B	0x0080      	MOVWF      INDF
;__Lib_Conversions.c,103 :: 		
0x017C	0x0AE8      	INCF       WordToStr_len_L0, 1
;__Lib_Conversions.c,104 :: 		
0x017D	0x2973      	GOTO       L_WordToStr11
L_WordToStr12:
;__Lib_Conversions.c,105 :: 		
0x017E	0x0868      	MOVF       WordToStr_len_L0, 0
0x017F	0x0767      	ADDWF      FARG_WordToStr_output, 0
0x0180	0x0084      	MOVWF      FSR
0x0181	0x0180      	CLRF       INDF
0x0182	0x03E8      	DECF       WordToStr_len_L0, 1
;__Lib_Conversions.c,107 :: 		
L_WordToStr14:
;__Lib_Conversions.c,108 :: 		
0x0183	0x0868      	MOVF       WordToStr_len_L0, 0
0x0184	0x0767      	ADDWF      FARG_WordToStr_output, 0
0x0185	0x00E9      	MOVWF      FLOC__WordToStr
0x0186	0x300A      	MOVLW      10
0x0187	0x00F4      	MOVWF      R4
0x0188	0x01F5      	CLRF       R4+1
0x0189	0x0865      	MOVF       FARG_WordToStr_input, 0
0x018A	0x00F0      	MOVWF      R0
0x018B	0x0866      	MOVF       FARG_WordToStr_input+1, 0
0x018C	0x00F1      	MOVWF      R0+1
0x018D	0x2138      	CALL       _Div_16X16_U
0x018E	0x0878      	MOVF       R8, 0
0x018F	0x00F0      	MOVWF      R0
0x0190	0x0879      	MOVF       R8+1, 0
0x0191	0x00F1      	MOVWF      R0+1
0x0192	0x3030      	MOVLW      48
0x0193	0x07F0      	ADDWF      R0, 1
0x0194	0x0869      	MOVF       FLOC__WordToStr, 0
0x0195	0x0084      	MOVWF      FSR
0x0196	0x0870      	MOVF       R0, 0
0x0197	0x0080      	MOVWF      INDF
;__Lib_Conversions.c,109 :: 		
0x0198	0x300A      	MOVLW      10
0x0199	0x00F4      	MOVWF      R4
0x019A	0x01F5      	CLRF       R4+1
0x019B	0x0865      	MOVF       FARG_WordToStr_input, 0
0x019C	0x00F0      	MOVWF      R0
0x019D	0x0866      	MOVF       FARG_WordToStr_input+1, 0
0x019E	0x00F1      	MOVWF      R0+1
0x019F	0x2138      	CALL       _Div_16X16_U
0x01A0	0x0870      	MOVF       R0, 0
0x01A1	0x00E5      	MOVWF      FARG_WordToStr_input
0x01A2	0x0871      	MOVF       R0+1, 0
0x01A3	0x00E6      	MOVWF      FARG_WordToStr_input+1
;__Lib_Conversions.c,110 :: 		
0x01A4	0x3000      	MOVLW      0
0x01A5	0x0671      	XORWF      R0+1, 0
0x01A6	0x1D03      	BTFSS      STATUS, 2
0x01A7	0x29AA      	GOTO       L__WordToStr379
0x01A8	0x3000      	MOVLW      0
0x01A9	0x0670      	XORWF      R0, 0
L__WordToStr379:
0x01AA	0x1D03      	BTFSS      STATUS, 2
0x01AB	0x29AD      	GOTO       L_WordToStr16
;__Lib_Conversions.c,111 :: 		
0x01AC	0x29AF      	GOTO       L_WordToStr15
L_WordToStr16:
;__Lib_Conversions.c,112 :: 		
0x01AD	0x03E8      	DECF       WordToStr_len_L0, 1
;__Lib_Conversions.c,113 :: 		
0x01AE	0x2983      	GOTO       L_WordToStr14
L_WordToStr15:
;__Lib_Conversions.c,114 :: 		
L_end_WordToStr:
0x01AF	0x0008      	RETURN
; end of _WordToStr
_Lcd_Init:
;__Lib_Lcd.c,84 :: 		
;__Lib_Lcd.c,86 :: 		
0x01B0	0x1683      	BSF        STATUS, 5
0x01B1	0x1303      	BCF        STATUS, 6
0x01B2	0x1087      	BCF        lcd_en_direction, BitPos(lcd_en_direction+0)
;__Lib_Lcd.c,87 :: 		
0x01B3	0x1007      	BCF        lcd_rs_direction, BitPos(lcd_rs_direction+0)
;__Lib_Lcd.c,88 :: 		
0x01B4	0x1107      	BCF        lcd_d4_direction, BitPos(lcd_d4_direction+0)
;__Lib_Lcd.c,89 :: 		
0x01B5	0x1187      	BCF        lcd_d5_direction, BitPos(lcd_d5_direction+0)
;__Lib_Lcd.c,90 :: 		
0x01B6	0x1207      	BCF        lcd_d6_direction, BitPos(lcd_d6_direction+0)
;__Lib_Lcd.c,91 :: 		
0x01B7	0x1287      	BCF        lcd_d7_direction, BitPos(lcd_d7_direction+0)
;__Lib_Lcd.c,93 :: 		
0x01B8	0x1283      	BCF        STATUS, 5
0x01B9	0x1087      	BCF        lcd_en, BitPos(lcd_en+0)
;__Lib_Lcd.c,94 :: 		
0x01BA	0x1007      	BCF        lcd_rs, BitPos(lcd_rs+0)
;__Lib_Lcd.c,95 :: 		
0x01BB	0x1287      	BCF        lcd_d7, BitPos(lcd_d7+0)
;__Lib_Lcd.c,96 :: 		
0x01BC	0x1207      	BCF        lcd_d6, BitPos(lcd_d6+0)
;__Lib_Lcd.c,97 :: 		
0x01BD	0x1187      	BCF        lcd_d5, BitPos(lcd_d5+0)
;__Lib_Lcd.c,98 :: 		
0x01BE	0x1107      	BCF        lcd_d4, BitPos(lcd_d4+0)
;__Lib_Lcd.c,100 :: 		
0x01BF	0x20E5      	CALL       _Delay_5500us
;__Lib_Lcd.c,101 :: 		
0x01C0	0x20E5      	CALL       _Delay_5500us
;__Lib_Lcd.c,102 :: 		
0x01C1	0x20E5      	CALL       _Delay_5500us
;__Lib_Lcd.c,105 :: 		
0x01C2	0x1587      	BSF        lcd_d5, BitPos(lcd_d5+0)
;__Lib_Lcd.c,106 :: 		
0x01C3	0x1507      	BSF        lcd_d4, BitPos(lcd_d4+0)
;__Lib_Lcd.c,107 :: 		
0x01C4	0x1487      	BSF        lcd_en, BitPos(lcd_en+0)
;__Lib_Lcd.c,108 :: 		
0x01C5	0x20E3      	CALL       _Delay_1us
;__Lib_Lcd.c,109 :: 		
0x01C6	0x1087      	BCF        lcd_en, BitPos(lcd_en+0)
;__Lib_Lcd.c,110 :: 		
0x01C7	0x20E5      	CALL       _Delay_5500us
;__Lib_Lcd.c,112 :: 		
0x01C8	0x1487      	BSF        lcd_en, BitPos(lcd_en+0)
;__Lib_Lcd.c,113 :: 		
0x01C9	0x20E3      	CALL       _Delay_1us
;__Lib_Lcd.c,114 :: 		
0x01CA	0x1087      	BCF        lcd_en, BitPos(lcd_en+0)
;__Lib_Lcd.c,115 :: 		
0x01CB	0x20E5      	CALL       _Delay_5500us
;__Lib_Lcd.c,117 :: 		
0x01CC	0x1487      	BSF        lcd_en, BitPos(lcd_en+0)
;__Lib_Lcd.c,118 :: 		
0x01CD	0x20E3      	CALL       _Delay_1us
;__Lib_Lcd.c,119 :: 		
0x01CE	0x1087      	BCF        lcd_en, BitPos(lcd_en+0)
;__Lib_Lcd.c,120 :: 		
0x01CF	0x20E5      	CALL       _Delay_5500us
;__Lib_Lcd.c,123 :: 		
0x01D0	0x1107      	BCF        lcd_d4, BitPos(lcd_d4+0)
;__Lib_Lcd.c,124 :: 		
0x01D1	0x1487      	BSF        lcd_en, BitPos(lcd_en+0)
;__Lib_Lcd.c,125 :: 		
0x01D2	0x20E3      	CALL       _Delay_1us
;__Lib_Lcd.c,126 :: 		
0x01D3	0x1087      	BCF        lcd_en, BitPos(lcd_en+0)
;__Lib_Lcd.c,127 :: 		
0x01D4	0x20E5      	CALL       _Delay_5500us
;__Lib_Lcd.c,130 :: 		
0x01D5	0x1487      	BSF        lcd_en, BitPos(lcd_en+0)
;__Lib_Lcd.c,131 :: 		
0x01D6	0x20E3      	CALL       _Delay_1us
;__Lib_Lcd.c,132 :: 		
0x01D7	0x1087      	BCF        lcd_en, BitPos(lcd_en+0)
;__Lib_Lcd.c,134 :: 		
0x01D8	0x1187      	BCF        lcd_d5, BitPos(lcd_d5+0)
;__Lib_Lcd.c,135 :: 		
0x01D9	0x1687      	BSF        lcd_d7, BitPos(lcd_d7+0)
;__Lib_Lcd.c,136 :: 		
0x01DA	0x1487      	BSF        lcd_en, BitPos(lcd_en+0)
;__Lib_Lcd.c,137 :: 		
0x01DB	0x20E3      	CALL       _Delay_1us
;__Lib_Lcd.c,138 :: 		
0x01DC	0x1087      	BCF        lcd_en, BitPos(lcd_en+0)
;__Lib_Lcd.c,139 :: 		
0x01DD	0x20E5      	CALL       _Delay_5500us
;__Lib_Lcd.c,142 :: 		
0x01DE	0x1287      	BCF        lcd_d7, BitPos(lcd_d7+0)
;__Lib_Lcd.c,143 :: 		
0x01DF	0x1507      	BSF        lcd_d4, BitPos(lcd_d4+0)
;__Lib_Lcd.c,144 :: 		
0x01E0	0x1487      	BSF        lcd_en, BitPos(lcd_en+0)
;__Lib_Lcd.c,145 :: 		
0x01E1	0x20E3      	CALL       _Delay_1us
;__Lib_Lcd.c,146 :: 		
0x01E2	0x1087      	BCF        lcd_en, BitPos(lcd_en+0)
;__Lib_Lcd.c,148 :: 		
0x01E3	0x1107      	BCF        lcd_d4, BitPos(lcd_d4+0)
;__Lib_Lcd.c,149 :: 		
0x01E4	0x1487      	BSF        lcd_en, BitPos(lcd_en+0)
;__Lib_Lcd.c,150 :: 		
0x01E5	0x20E3      	CALL       _Delay_1us
;__Lib_Lcd.c,151 :: 		
0x01E6	0x1087      	BCF        lcd_en, BitPos(lcd_en+0)
;__Lib_Lcd.c,152 :: 		
0x01E7	0x20E5      	CALL       _Delay_5500us
;__Lib_Lcd.c,155 :: 		
0x01E8	0x1487      	BSF        lcd_en, BitPos(lcd_en+0)
;__Lib_Lcd.c,156 :: 		
0x01E9	0x20E3      	CALL       _Delay_1us
;__Lib_Lcd.c,157 :: 		
0x01EA	0x1087      	BCF        lcd_en, BitPos(lcd_en+0)
;__Lib_Lcd.c,159 :: 		
0x01EB	0x1507      	BSF        lcd_d4, BitPos(lcd_d4+0)
;__Lib_Lcd.c,160 :: 		
0x01EC	0x1487      	BSF        lcd_en, BitPos(lcd_en+0)
;__Lib_Lcd.c,161 :: 		
0x01ED	0x20E3      	CALL       _Delay_1us
;__Lib_Lcd.c,162 :: 		
0x01EE	0x1087      	BCF        lcd_en, BitPos(lcd_en+0)
;__Lib_Lcd.c,163 :: 		
0x01EF	0x20E5      	CALL       _Delay_5500us
;__Lib_Lcd.c,166 :: 		
0x01F0	0x1107      	BCF        lcd_d4, BitPos(lcd_d4+0)
;__Lib_Lcd.c,167 :: 		
0x01F1	0x1487      	BSF        lcd_en, BitPos(lcd_en+0)
;__Lib_Lcd.c,168 :: 		
0x01F2	0x20E3      	CALL       _Delay_1us
;__Lib_Lcd.c,169 :: 		
0x01F3	0x1087      	BCF        lcd_en, BitPos(lcd_en+0)
;__Lib_Lcd.c,171 :: 		
0x01F4	0x1687      	BSF        lcd_d7, BitPos(lcd_d7+0)
;__Lib_Lcd.c,172 :: 		
0x01F5	0x1607      	BSF        lcd_d6, BitPos(lcd_d6+0)
;__Lib_Lcd.c,173 :: 		
0x01F6	0x1587      	BSF        lcd_d5, BitPos(lcd_d5+0)
;__Lib_Lcd.c,174 :: 		
0x01F7	0x1507      	BSF        lcd_d4, BitPos(lcd_d4+0)
;__Lib_Lcd.c,175 :: 		
0x01F8	0x1487      	BSF        lcd_en, BitPos(lcd_en+0)
;__Lib_Lcd.c,176 :: 		
0x01F9	0x20E3      	CALL       _Delay_1us
;__Lib_Lcd.c,177 :: 		
0x01FA	0x1087      	BCF        lcd_en, BitPos(lcd_en+0)
;__Lib_Lcd.c,179 :: 		
0x01FB	0x20E5      	CALL       _Delay_5500us
;__Lib_Lcd.c,181 :: 		
0x01FC	0x143F      	BSF        __Lib_Lcd_cmd_status, BitPos(__Lib_Lcd_cmd_status+0)
;__Lib_Lcd.c,182 :: 		
L_end_Lcd_Init:
0x01FD	0x0008      	RETURN
; end of _Lcd_Init
_ADC_Init:
;__Lib_ADC_A_C.c,19 :: 		
;__Lib_ADC_A_C.c,20 :: 		
0x01FE	0x30FF      	MOVLW      _ADC_Get_Sample
0x01FF	0x1283      	BCF        STATUS, 5
0x0200	0x1303      	BCF        STATUS, 6
0x0201	0x00CC      	MOVWF      _ADC_Get_Sample_Ptr
0x0202	0x30FF      	MOVLW      hi_addr(_ADC_Get_Sample)
0x0203	0x00CD      	MOVWF      _ADC_Get_Sample_Ptr+1
0x0204	0x30FF      	MOVLW      FARG_ADC_Get_Sample_channel
0x0205	0x00CE      	MOVWF      _ADC_Get_Sample_Ptr+2
0x0206	0x30FF      	MOVLW      hi_addr(FARG_ADC_Get_Sample_channel)
;__Lib_ADC_A_C.c,22 :: 		
0x0207	0x019F      	CLRF       ADCON0
;__Lib_ADC_A_C.c,23 :: 		
0x0208	0x30C0      	MOVLW      192
0x0209	0x049F      	IORWF      ADCON0, 1
;__Lib_ADC_A_C.c,24 :: 		
0x020A	0x092D      	COMF       _vref_mask, 0
0x020B	0x00F0      	MOVWF      R0
0x020C	0x0870      	MOVF       R0, 0
0x020D	0x1683      	BSF        STATUS, 5
0x020E	0x059F      	ANDWF      ADCON1, 1
;__Lib_ADC_A_C.c,25 :: 		
0x020F	0x171F      	BSF        ADCON1, 6
;__Lib_ADC_A_C.c,26 :: 		
0x0210	0x179F      	BSF        ADCON1, 7
;__Lib_ADC_A_C.c,29 :: 		
0x0211	0x1283      	BCF        STATUS, 5
0x0212	0x141F      	BSF        ADCON0, 0
;__Lib_ADC_A_C.c,30 :: 		
L_end_ADC_Init:
0x0213	0x0008      	RETURN
; end of _ADC_Init
_SDIV3232L:
;__Lib_Math.c,698 :: 		
;__Lib_Math.c,707 :: 		
0x0214	0x0874      	MOVF       R4, 0
;__Lib_Math.c,708 :: 		
0x0215	0x02F8      	SUBWF      R8, 1
;__Lib_Math.c,709 :: 		
0x0216	0x0875      	MOVF       R5, 0
;__Lib_Math.c,710 :: 		
0x0217	0x1C03      	BTFSS      STATUS, 0
;__Lib_Math.c,711 :: 		
0x0218	0x0F75      	INCFSZ     R5, 0
;__Lib_Math.c,712 :: 		
0x0219	0x02F9      	SUBWF      R9, 1
;__Lib_Math.c,713 :: 		
0x021A	0x0876      	MOVF       R6, 0
;__Lib_Math.c,714 :: 		
0x021B	0x1C03      	BTFSS      STATUS, 0
;__Lib_Math.c,715 :: 		
0x021C	0x0F76      	INCFSZ     R6, 0
;__Lib_Math.c,716 :: 		
0x021D	0x02FA      	SUBWF      R10, 1
;__Lib_Math.c,717 :: 		
0x021E	0x0877      	MOVF       R7, 0
;__Lib_Math.c,718 :: 		
0x021F	0x1C03      	BTFSS      STATUS, 0
;__Lib_Math.c,719 :: 		
0x0220	0x0F77      	INCFSZ     R7, 0
;__Lib_Math.c,720 :: 		
0x0221	0x02FB      	SUBWF      R11, 1
;__Lib_Math.c,721 :: 		
0x0222	0x0DF3      	RLF        R3, 1
;__Lib_Math.c,723 :: 		
0x0223	0x3007      	MOVLW      7
;__Lib_Math.c,724 :: 		
0x0224	0x00FC      	MOVWF      R12
;__Lib_Math.c,726 :: 		
LOOPS3232A:
;__Lib_Math.c,727 :: 		
0x0225	0x0D73      	RLF        R3, 0
;__Lib_Math.c,728 :: 		
0x0226	0x0DF8      	RLF        R8, 1
;__Lib_Math.c,729 :: 		
0x0227	0x0DF9      	RLF        R9, 1
;__Lib_Math.c,730 :: 		
0x0228	0x0DFA      	RLF        R10, 1
;__Lib_Math.c,731 :: 		
0x0229	0x0DFB      	RLF        R11, 1
;__Lib_Math.c,732 :: 		
0x022A	0x0874      	MOVF       R4, 0
;__Lib_Math.c,733 :: 		
0x022B	0x1C73      	BTFSS      R3, 0
;__Lib_Math.c,734 :: 		
0x022C	0x2A3B      	GOTO       SADD22LA
;__Lib_Math.c,736 :: 		
0x022D	0x02F8      	SUBWF      R8, 1
;__Lib_Math.c,737 :: 		
0x022E	0x0875      	MOVF       R5, 0
;__Lib_Math.c,738 :: 		
0x022F	0x1C03      	BTFSS      STATUS, 0
;__Lib_Math.c,739 :: 		
0x0230	0x0F75      	INCFSZ     R5, 0
;__Lib_Math.c,740 :: 		
0x0231	0x02F9      	SUBWF      R9, 1
;__Lib_Math.c,741 :: 		
0x0232	0x0876      	MOVF       R6, 0
;__Lib_Math.c,742 :: 		
0x0233	0x1C03      	BTFSS      STATUS, 0
;__Lib_Math.c,743 :: 		
0x0234	0x0F76      	INCFSZ     R6, 0
;__Lib_Math.c,744 :: 		
0x0235	0x02FA      	SUBWF      R10, 1
;__Lib_Math.c,745 :: 		
0x0236	0x0877      	MOVF       R7, 0
;__Lib_Math.c,746 :: 		
0x0237	0x1C03      	BTFSS      STATUS, 0
;__Lib_Math.c,747 :: 		
0x0238	0x0F77      	INCFSZ     R7, 0
;__Lib_Math.c,748 :: 		
0x0239	0x02FB      	SUBWF      R11, 1
;__Lib_Math.c,749 :: 		
0x023A	0x2A48      	GOTO       SOK22LA
;__Lib_Math.c,751 :: 		
SADD22LA:
;__Lib_Math.c,752 :: 		
0x023B	0x07F8      	ADDWF      R8, 1
;__Lib_Math.c,753 :: 		
0x023C	0x0875      	MOVF       R5, 0
;__Lib_Math.c,754 :: 		
0x023D	0x1803      	BTFSC      STATUS, 0
;__Lib_Math.c,755 :: 		
0x023E	0x0F75      	INCFSZ     R5, 0
;__Lib_Math.c,756 :: 		
0x023F	0x07F9      	ADDWF      R9, 1
;__Lib_Math.c,757 :: 		
0x0240	0x0876      	MOVF       R6, 0
;__Lib_Math.c,758 :: 		
0x0241	0x1803      	BTFSC      STATUS, 0
;__Lib_Math.c,759 :: 		
0x0242	0x0F76      	INCFSZ     R6, 0
;__Lib_Math.c,760 :: 		
0x0243	0x07FA      	ADDWF      R10, 1
;__Lib_Math.c,761 :: 		
0x0244	0x0877      	MOVF       R7, 0
;__Lib_Math.c,762 :: 		
0x0245	0x1803      	BTFSC      STATUS, 0
;__Lib_Math.c,763 :: 		
0x0246	0x0F77      	INCFSZ     R7, 0
;__Lib_Math.c,764 :: 		
0x0247	0x07FB      	ADDWF      R11, 1
;__Lib_Math.c,766 :: 		
SOK22LA:
;__Lib_Math.c,767 :: 		
0x0248	0x0DF3      	RLF        R3, 1
;__Lib_Math.c,769 :: 		
0x0249	0x0BFC      	DECFSZ     R12, 1
;__Lib_Math.c,770 :: 		
0x024A	0x2A25      	GOTO       LOOPS3232A
;__Lib_Math.c,772 :: 		
0x024B	0x0D72      	RLF        R2, 0
;__Lib_Math.c,773 :: 		
0x024C	0x0DF8      	RLF        R8, 1
;__Lib_Math.c,774 :: 		
0x024D	0x0DF9      	RLF        R9, 1
;__Lib_Math.c,775 :: 		
0x024E	0x0DFA      	RLF        R10, 1
;__Lib_Math.c,776 :: 		
0x024F	0x0DFB      	RLF        R11, 1
;__Lib_Math.c,777 :: 		
0x0250	0x0874      	MOVF       R4, 0
;__Lib_Math.c,778 :: 		
0x0251	0x1C73      	BTFSS      R3, 0
;__Lib_Math.c,779 :: 		
0x0252	0x2A61      	GOTO       SADD22L8
;__Lib_Math.c,781 :: 		
0x0253	0x02F8      	SUBWF      R8, 1
;__Lib_Math.c,782 :: 		
0x0254	0x0875      	MOVF       R5, 0
;__Lib_Math.c,783 :: 		
0x0255	0x1C03      	BTFSS      STATUS, 0
;__Lib_Math.c,784 :: 		
0x0256	0x0F75      	INCFSZ     R5, 0
;__Lib_Math.c,785 :: 		
0x0257	0x02F9      	SUBWF      R9, 1
;__Lib_Math.c,786 :: 		
0x0258	0x0876      	MOVF       R6, 0
;__Lib_Math.c,787 :: 		
0x0259	0x1C03      	BTFSS      STATUS, 0
;__Lib_Math.c,788 :: 		
0x025A	0x0F76      	INCFSZ     R6, 0
;__Lib_Math.c,789 :: 		
0x025B	0x02FA      	SUBWF      R10, 1
;__Lib_Math.c,790 :: 		
0x025C	0x0877      	MOVF       R7, 0
;__Lib_Math.c,791 :: 		
0x025D	0x1C03      	BTFSS      STATUS, 0
;__Lib_Math.c,792 :: 		
0x025E	0x0F77      	INCFSZ     R7, 0
;__Lib_Math.c,793 :: 		
0x025F	0x02FB      	SUBWF      R11, 1
;__Lib_Math.c,794 :: 		
0x0260	0x2A6E      	GOTO       SOK22L8
;__Lib_Math.c,796 :: 		
SADD22L8:
;__Lib_Math.c,797 :: 		
0x0261	0x07F8      	ADDWF      R8, 1
;__Lib_Math.c,798 :: 		
0x0262	0x0875      	MOVF       R5, 0
;__Lib_Math.c,799 :: 		
0x0263	0x1803      	BTFSC      STATUS, 0
;__Lib_Math.c,800 :: 		
0x0264	0x0F75      	INCFSZ     R5, 0
;__Lib_Math.c,801 :: 		
0x0265	0x07F9      	ADDWF      R9, 1
;__Lib_Math.c,802 :: 		
0x0266	0x0876      	MOVF       R6, 0
;__Lib_Math.c,803 :: 		
0x0267	0x1803      	BTFSC      STATUS, 0
;__Lib_Math.c,804 :: 		
0x0268	0x0F76      	INCFSZ     R6, 0
;__Lib_Math.c,805 :: 		
0x0269	0x07FA      	ADDWF      R10, 1
;__Lib_Math.c,806 :: 		
0x026A	0x0877      	MOVF       R7, 0
;__Lib_Math.c,807 :: 		
0x026B	0x1803      	BTFSC      STATUS, 0
;__Lib_Math.c,808 :: 		
0x026C	0x0F77      	INCFSZ     R7, 0
;__Lib_Math.c,809 :: 		
0x026D	0x07FB      	ADDWF      R11, 1
;__Lib_Math.c,811 :: 		
SOK22L8:
;__Lib_Math.c,812 :: 		
0x026E	0x0DF2      	RLF        R2, 1
;__Lib_Math.c,814 :: 		
0x026F	0x3007      	MOVLW      7
;__Lib_Math.c,815 :: 		
0x0270	0x00FC      	MOVWF      R12
;__Lib_Math.c,817 :: 		
LOOPS3232B:
;__Lib_Math.c,818 :: 		
0x0271	0x0D72      	RLF        R2, 0
;__Lib_Math.c,819 :: 		
0x0272	0x0DF8      	RLF        R8, 1
;__Lib_Math.c,820 :: 		
0x0273	0x0DF9      	RLF        R9, 1
;__Lib_Math.c,821 :: 		
0x0274	0x0DFA      	RLF        R10, 1
;__Lib_Math.c,822 :: 		
0x0275	0x0DFB      	RLF        R11, 1
;__Lib_Math.c,823 :: 		
0x0276	0x0874      	MOVF       R4, 0
;__Lib_Math.c,824 :: 		
0x0277	0x1C72      	BTFSS      R2, 0
;__Lib_Math.c,825 :: 		
0x0278	0x2A87      	GOTO       SADD22LB
;__Lib_Math.c,827 :: 		
0x0279	0x02F8      	SUBWF      R8, 1
;__Lib_Math.c,828 :: 		
0x027A	0x0875      	MOVF       R5, 0
;__Lib_Math.c,829 :: 		
0x027B	0x1C03      	BTFSS      STATUS, 0
;__Lib_Math.c,830 :: 		
0x027C	0x0F75      	INCFSZ     R5, 0
;__Lib_Math.c,831 :: 		
0x027D	0x02F9      	SUBWF      R9, 1
;__Lib_Math.c,832 :: 		
0x027E	0x0876      	MOVF       R6, 0
;__Lib_Math.c,833 :: 		
0x027F	0x1C03      	BTFSS      STATUS, 0
;__Lib_Math.c,834 :: 		
0x0280	0x0F76      	INCFSZ     R6, 0
;__Lib_Math.c,835 :: 		
0x0281	0x02FA      	SUBWF      R10, 1
;__Lib_Math.c,836 :: 		
0x0282	0x0877      	MOVF       R7, 0
;__Lib_Math.c,837 :: 		
0x0283	0x1C03      	BTFSS      STATUS, 0
;__Lib_Math.c,838 :: 		
0x0284	0x0F77      	INCFSZ     R7, 0
;__Lib_Math.c,839 :: 		
0x0285	0x02FB      	SUBWF      R11, 1
;__Lib_Math.c,840 :: 		
0x0286	0x2A94      	GOTO       SOK22LB
;__Lib_Math.c,842 :: 		
SADD22LB:
;__Lib_Math.c,843 :: 		
0x0287	0x07F8      	ADDWF      R8, 1
;__Lib_Math.c,844 :: 		
0x0288	0x0875      	MOVF       R5, 0
;__Lib_Math.c,845 :: 		
0x0289	0x1803      	BTFSC      STATUS, 0
;__Lib_Math.c,846 :: 		
0x028A	0x0F75      	INCFSZ     R5, 0
;__Lib_Math.c,847 :: 		
0x028B	0x07F9      	ADDWF      R9, 1
;__Lib_Math.c,848 :: 		
0x028C	0x0876      	MOVF       R6, 0
;__Lib_Math.c,849 :: 		
0x028D	0x1803      	BTFSC      STATUS, 0
;__Lib_Math.c,850 :: 		
0x028E	0x0F76      	INCFSZ     R6, 0
;__Lib_Math.c,851 :: 		
0x028F	0x07FA      	ADDWF      R10, 1
;__Lib_Math.c,852 :: 		
0x0290	0x0877      	MOVF       R7, 0
;__Lib_Math.c,853 :: 		
0x0291	0x1803      	BTFSC      STATUS, 0
;__Lib_Math.c,854 :: 		
0x0292	0x0F77      	INCFSZ     R7, 0
;__Lib_Math.c,855 :: 		
0x0293	0x07FB      	ADDWF      R11, 1
;__Lib_Math.c,857 :: 		
SOK22LB:
;__Lib_Math.c,858 :: 		
0x0294	0x0DF2      	RLF        R2, 1
;__Lib_Math.c,860 :: 		
0x0295	0x0BFC      	DECFSZ     R12, 1
;__Lib_Math.c,861 :: 		
0x0296	0x2A71      	GOTO       LOOPS3232B
;__Lib_Math.c,863 :: 		
0x0297	0x0D71      	RLF        R1, 0
;__Lib_Math.c,864 :: 		
0x0298	0x0DF8      	RLF        R8, 1
;__Lib_Math.c,865 :: 		
0x0299	0x0DF9      	RLF        R9, 1
;__Lib_Math.c,866 :: 		
0x029A	0x0DFA      	RLF        R10, 1
;__Lib_Math.c,867 :: 		
0x029B	0x0DFB      	RLF        R11, 1
;__Lib_Math.c,868 :: 		
0x029C	0x0874      	MOVF       R4, 0
;__Lib_Math.c,869 :: 		
0x029D	0x1C72      	BTFSS      R2, 0
;__Lib_Math.c,870 :: 		
0x029E	0x2AAD      	GOTO       SADD22L16
;__Lib_Math.c,872 :: 		
0x029F	0x02F8      	SUBWF      R8, 1
;__Lib_Math.c,873 :: 		
0x02A0	0x0875      	MOVF       R5, 0
;__Lib_Math.c,874 :: 		
0x02A1	0x1C03      	BTFSS      STATUS, 0
;__Lib_Math.c,875 :: 		
0x02A2	0x0F75      	INCFSZ     R5, 0
;__Lib_Math.c,876 :: 		
0x02A3	0x02F9      	SUBWF      R9, 1
;__Lib_Math.c,877 :: 		
0x02A4	0x0876      	MOVF       R6, 0
;__Lib_Math.c,878 :: 		
0x02A5	0x1C03      	BTFSS      STATUS, 0
;__Lib_Math.c,879 :: 		
0x02A6	0x0F76      	INCFSZ     R6, 0
;__Lib_Math.c,880 :: 		
0x02A7	0x02FA      	SUBWF      R10, 1
;__Lib_Math.c,881 :: 		
0x02A8	0x0877      	MOVF       R7, 0
;__Lib_Math.c,882 :: 		
0x02A9	0x1C03      	BTFSS      STATUS, 0
;__Lib_Math.c,883 :: 		
0x02AA	0x0F77      	INCFSZ     R7, 0
;__Lib_Math.c,884 :: 		
0x02AB	0x02FB      	SUBWF      R11, 1
;__Lib_Math.c,885 :: 		
0x02AC	0x2ABA      	GOTO       SOK22L16
;__Lib_Math.c,887 :: 		
SADD22L16:
;__Lib_Math.c,888 :: 		
0x02AD	0x07F8      	ADDWF      R8, 1
;__Lib_Math.c,889 :: 		
0x02AE	0x0875      	MOVF       R5, 0
;__Lib_Math.c,890 :: 		
0x02AF	0x1803      	BTFSC      STATUS, 0
;__Lib_Math.c,891 :: 		
0x02B0	0x0F75      	INCFSZ     R5, 0
;__Lib_Math.c,892 :: 		
0x02B1	0x07F9      	ADDWF      R9, 1
;__Lib_Math.c,893 :: 		
0x02B2	0x0876      	MOVF       R6, 0
;__Lib_Math.c,894 :: 		
0x02B3	0x1803      	BTFSC      STATUS, 0
;__Lib_Math.c,895 :: 		
0x02B4	0x0F76      	INCFSZ     R6, 0
;__Lib_Math.c,896 :: 		
0x02B5	0x07FA      	ADDWF      R10, 1
;__Lib_Math.c,897 :: 		
0x02B6	0x0877      	MOVF       R7, 0
;__Lib_Math.c,898 :: 		
0x02B7	0x1803      	BTFSC      STATUS, 0
;__Lib_Math.c,899 :: 		
0x02B8	0x0F77      	INCFSZ     R7, 0
;__Lib_Math.c,900 :: 		
0x02B9	0x07FB      	ADDWF      R11, 1
;__Lib_Math.c,902 :: 		
SOK22L16:
;__Lib_Math.c,903 :: 		
0x02BA	0x0DF1      	RLF        R1, 1
;__Lib_Math.c,905 :: 		
0x02BB	0x3007      	MOVLW      7
;__Lib_Math.c,906 :: 		
0x02BC	0x00FC      	MOVWF      R12
;__Lib_Math.c,908 :: 		
LOOPS3232C:
;__Lib_Math.c,909 :: 		
0x02BD	0x0D71      	RLF        R1, 0
;__Lib_Math.c,910 :: 		
0x02BE	0x0DF8      	RLF        R8, 1
;__Lib_Math.c,911 :: 		
0x02BF	0x0DF9      	RLF        R9, 1
;__Lib_Math.c,912 :: 		
0x02C0	0x0DFA      	RLF        R10, 1
;__Lib_Math.c,913 :: 		
0x02C1	0x0DFB      	RLF        R11, 1
;__Lib_Math.c,914 :: 		
0x02C2	0x0874      	MOVF       R4, 0
;__Lib_Math.c,915 :: 		
0x02C3	0x1C71      	BTFSS      R1, 0
;__Lib_Math.c,916 :: 		
0x02C4	0x2AD3      	GOTO       SADD22LC
;__Lib_Math.c,918 :: 		
0x02C5	0x02F8      	SUBWF      R8, 1
;__Lib_Math.c,919 :: 		
0x02C6	0x0875      	MOVF       R5, 0
;__Lib_Math.c,920 :: 		
0x02C7	0x1C03      	BTFSS      STATUS, 0
;__Lib_Math.c,921 :: 		
0x02C8	0x0F75      	INCFSZ     R5, 0
;__Lib_Math.c,922 :: 		
0x02C9	0x02F9      	SUBWF      R9, 1
;__Lib_Math.c,923 :: 		
0x02CA	0x0876      	MOVF       R6, 0
;__Lib_Math.c,924 :: 		
0x02CB	0x1C03      	BTFSS      STATUS, 0
;__Lib_Math.c,925 :: 		
0x02CC	0x0F76      	INCFSZ     R6, 0
;__Lib_Math.c,926 :: 		
0x02CD	0x02FA      	SUBWF      R10, 1
;__Lib_Math.c,927 :: 		
0x02CE	0x0877      	MOVF       R7, 0
;__Lib_Math.c,928 :: 		
0x02CF	0x1C03      	BTFSS      STATUS, 0
;__Lib_Math.c,929 :: 		
0x02D0	0x0F77      	INCFSZ     R7, 0
;__Lib_Math.c,930 :: 		
0x02D1	0x02FB      	SUBWF      R11, 1
;__Lib_Math.c,931 :: 		
0x02D2	0x2AE0      	GOTO       SOK22LC
;__Lib_Math.c,933 :: 		
SADD22LC:
;__Lib_Math.c,934 :: 		
0x02D3	0x07F8      	ADDWF      R8, 1
;__Lib_Math.c,935 :: 		
0x02D4	0x0875      	MOVF       R5, 0
;__Lib_Math.c,936 :: 		
0x02D5	0x1803      	BTFSC      STATUS, 0
;__Lib_Math.c,937 :: 		
0x02D6	0x0F75      	INCFSZ     R5, 0
;__Lib_Math.c,938 :: 		
0x02D7	0x07F9      	ADDWF      R9, 1
;__Lib_Math.c,939 :: 		
0x02D8	0x0876      	MOVF       R6, 0
;__Lib_Math.c,940 :: 		
0x02D9	0x1803      	BTFSC      STATUS, 0
;__Lib_Math.c,941 :: 		
0x02DA	0x0F76      	INCFSZ     R6, 0
;__Lib_Math.c,942 :: 		
0x02DB	0x07FA      	ADDWF      R10, 1
;__Lib_Math.c,943 :: 		
0x02DC	0x0877      	MOVF       R7, 0
;__Lib_Math.c,944 :: 		
0x02DD	0x1803      	BTFSC      STATUS, 0
;__Lib_Math.c,945 :: 		
0x02DE	0x0F77      	INCFSZ     R7, 0
;__Lib_Math.c,946 :: 		
0x02DF	0x07FB      	ADDWF      R11, 1
;__Lib_Math.c,948 :: 		
SOK22LC:
;__Lib_Math.c,949 :: 		
0x02E0	0x0DF1      	RLF        R1, 1
;__Lib_Math.c,951 :: 		
0x02E1	0x0BFC      	DECFSZ     R12, 1
;__Lib_Math.c,952 :: 		
0x02E2	0x2ABD      	GOTO       LOOPS3232C
;__Lib_Math.c,954 :: 		
0x02E3	0x0D70      	RLF        R0, 0
;__Lib_Math.c,955 :: 		
0x02E4	0x0DF8      	RLF        R8, 1
;__Lib_Math.c,956 :: 		
0x02E5	0x0DF9      	RLF        R9, 1
;__Lib_Math.c,957 :: 		
0x02E6	0x0DFA      	RLF        R10, 1
;__Lib_Math.c,958 :: 		
0x02E7	0x0DFB      	RLF        R11, 1
;__Lib_Math.c,959 :: 		
0x02E8	0x0874      	MOVF       R4, 0
;__Lib_Math.c,960 :: 		
0x02E9	0x1C71      	BTFSS      R1, 0
;__Lib_Math.c,961 :: 		
0x02EA	0x2AF9      	GOTO       SADD22L24
;__Lib_Math.c,963 :: 		
0x02EB	0x02F8      	SUBWF      R8, 1
;__Lib_Math.c,964 :: 		
0x02EC	0x0875      	MOVF       R5, 0
;__Lib_Math.c,965 :: 		
0x02ED	0x1C03      	BTFSS      STATUS, 0
;__Lib_Math.c,966 :: 		
0x02EE	0x0F75      	INCFSZ     R5, 0
;__Lib_Math.c,967 :: 		
0x02EF	0x02F9      	SUBWF      R9, 1
;__Lib_Math.c,968 :: 		
0x02F0	0x0876      	MOVF       R6, 0
;__Lib_Math.c,969 :: 		
0x02F1	0x1C03      	BTFSS      STATUS, 0
;__Lib_Math.c,970 :: 		
0x02F2	0x0F76      	INCFSZ     R6, 0
;__Lib_Math.c,971 :: 		
0x02F3	0x02FA      	SUBWF      R10, 1
;__Lib_Math.c,972 :: 		
0x02F4	0x0877      	MOVF       R7, 0
;__Lib_Math.c,973 :: 		
0x02F5	0x1C03      	BTFSS      STATUS, 0
;__Lib_Math.c,974 :: 		
0x02F6	0x0F77      	INCFSZ     R7, 0
;__Lib_Math.c,975 :: 		
0x02F7	0x02FB      	SUBWF      R11, 1
;__Lib_Math.c,976 :: 		
0x02F8	0x2B06      	GOTO       SOK22L24
;__Lib_Math.c,978 :: 		
SADD22L24:
;__Lib_Math.c,979 :: 		
0x02F9	0x07F8      	ADDWF      R8, 1
;__Lib_Math.c,980 :: 		
0x02FA	0x0875      	MOVF       R5, 0
;__Lib_Math.c,981 :: 		
0x02FB	0x1803      	BTFSC      STATUS, 0
;__Lib_Math.c,982 :: 		
0x02FC	0x0F75      	INCFSZ     R5, 0
;__Lib_Math.c,983 :: 		
0x02FD	0x07F9      	ADDWF      R9, 1
;__Lib_Math.c,984 :: 		
0x02FE	0x0876      	MOVF       R6, 0
;__Lib_Math.c,985 :: 		
0x02FF	0x1803      	BTFSC      STATUS, 0
;__Lib_Math.c,986 :: 		
0x0300	0x0F76      	INCFSZ     R6, 0
;__Lib_Math.c,987 :: 		
0x0301	0x07FA      	ADDWF      R10, 1
;__Lib_Math.c,988 :: 		
0x0302	0x0877      	MOVF       R7, 0
;__Lib_Math.c,989 :: 		
0x0303	0x1803      	BTFSC      STATUS, 0
;__Lib_Math.c,990 :: 		
0x0304	0x0F77      	INCFSZ     R7, 0
;__Lib_Math.c,991 :: 		
0x0305	0x07FB      	ADDWF      R11, 1
;__Lib_Math.c,993 :: 		
SOK22L24:
;__Lib_Math.c,994 :: 		
0x0306	0x0DF0      	RLF        R0, 1
;__Lib_Math.c,996 :: 		
0x0307	0x3007      	MOVLW      7
;__Lib_Math.c,997 :: 		
0x0308	0x00FC      	MOVWF      R12
;__Lib_Math.c,999 :: 		
LOOPS3232D:
;__Lib_Math.c,1000 :: 		
0x0309	0x0D70      	RLF        R0, 0
;__Lib_Math.c,1001 :: 		
0x030A	0x0DF8      	RLF        R8, 1
;__Lib_Math.c,1002 :: 		
0x030B	0x0DF9      	RLF        R9, 1
;__Lib_Math.c,1003 :: 		
0x030C	0x0DFA      	RLF        R10, 1
;__Lib_Math.c,1004 :: 		
0x030D	0x0DFB      	RLF        R11, 1
;__Lib_Math.c,1005 :: 		
0x030E	0x0874      	MOVF       R4, 0
;__Lib_Math.c,1006 :: 		
0x030F	0x1C70      	BTFSS      R0, 0
;__Lib_Math.c,1007 :: 		
0x0310	0x2B1F      	GOTO       SADD22LD
;__Lib_Math.c,1009 :: 		
0x0311	0x02F8      	SUBWF      R8, 1
;__Lib_Math.c,1010 :: 		
0x0312	0x0875      	MOVF       R5, 0
;__Lib_Math.c,1011 :: 		
0x0313	0x1C03      	BTFSS      STATUS, 0
;__Lib_Math.c,1012 :: 		
0x0314	0x0F75      	INCFSZ     R5, 0
;__Lib_Math.c,1013 :: 		
0x0315	0x02F9      	SUBWF      R9, 1
;__Lib_Math.c,1014 :: 		
0x0316	0x0876      	MOVF       R6, 0
;__Lib_Math.c,1015 :: 		
0x0317	0x1C03      	BTFSS      STATUS, 0
;__Lib_Math.c,1016 :: 		
0x0318	0x0F76      	INCFSZ     R6, 0
;__Lib_Math.c,1017 :: 		
0x0319	0x02FA      	SUBWF      R10, 1
;__Lib_Math.c,1018 :: 		
0x031A	0x0877      	MOVF       R7, 0
;__Lib_Math.c,1019 :: 		
0x031B	0x1C03      	BTFSS      STATUS, 0
;__Lib_Math.c,1020 :: 		
0x031C	0x0F77      	INCFSZ     R7, 0
;__Lib_Math.c,1021 :: 		
0x031D	0x02FB      	SUBWF      R11, 1
;__Lib_Math.c,1022 :: 		
0x031E	0x2B2C      	GOTO       SOK22LD
;__Lib_Math.c,1024 :: 		
SADD22LD:
;__Lib_Math.c,1025 :: 		
0x031F	0x07F8      	ADDWF      R8, 1
;__Lib_Math.c,1026 :: 		
0x0320	0x0875      	MOVF       R5, 0
;__Lib_Math.c,1027 :: 		
0x0321	0x1803      	BTFSC      STATUS, 0
;__Lib_Math.c,1028 :: 		
0x0322	0x0F75      	INCFSZ     R5, 0
;__Lib_Math.c,1029 :: 		
0x0323	0x07F9      	ADDWF      R9, 1
;__Lib_Math.c,1030 :: 		
0x0324	0x0876      	MOVF       R6, 0
;__Lib_Math.c,1031 :: 		
0x0325	0x1803      	BTFSC      STATUS, 0
;__Lib_Math.c,1032 :: 		
0x0326	0x0F76      	INCFSZ     R6, 0
;__Lib_Math.c,1033 :: 		
0x0327	0x07FA      	ADDWF      R10, 1
;__Lib_Math.c,1034 :: 		
0x0328	0x0877      	MOVF       R7, 0
;__Lib_Math.c,1035 :: 		
0x0329	0x1803      	BTFSC      STATUS, 0
;__Lib_Math.c,1037 :: 		
0x032A	0x0F77      	INCFSZ     R7, 0
;__Lib_Math.c,1038 :: 		
0x032B	0x07FB      	ADDWF      R11, 1
;__Lib_Math.c,1040 :: 		
SOK22LD:
;__Lib_Math.c,1041 :: 		
0x032C	0x0DF0      	RLF        R0, 1
;__Lib_Math.c,1043 :: 		
0x032D	0x0BFC      	DECFSZ     R12, 1
;__Lib_Math.c,1044 :: 		
0x032E	0x2B09      	GOTO       LOOPS3232D
;__Lib_Math.c,1046 :: 		
0x032F	0x1870      	BTFSC      R0, 0
;__Lib_Math.c,1047 :: 		
0x0330	0x2B3F      	GOTO       SOK22L
;__Lib_Math.c,1048 :: 		
0x0331	0x0874      	MOVF       R4, 0
;__Lib_Math.c,1049 :: 		
0x0332	0x07F8      	ADDWF      R8, 1
;__Lib_Math.c,1050 :: 		
0x0333	0x0875      	MOVF       R5, 0
;__Lib_Math.c,1051 :: 		
0x0334	0x1803      	BTFSC      STATUS, 0
;__Lib_Math.c,1052 :: 		
0x0335	0x0F75      	INCFSZ     R5, 0
;__Lib_Math.c,1053 :: 		
0x0336	0x07F9      	ADDWF      R9, 1
;__Lib_Math.c,1054 :: 		
0x0337	0x0876      	MOVF       R6, 0
;__Lib_Math.c,1055 :: 		
0x0338	0x1803      	BTFSC      STATUS, 0
;__Lib_Math.c,1056 :: 		
0x0339	0x0F76      	INCFSZ     R6, 0
;__Lib_Math.c,1057 :: 		
0x033A	0x07FA      	ADDWF      R10, 1
;__Lib_Math.c,1058 :: 		
0x033B	0x0877      	MOVF       R7, 0
;__Lib_Math.c,1059 :: 		
0x033C	0x1803      	BTFSC      STATUS, 0
;__Lib_Math.c,1060 :: 		
0x033D	0x0F77      	INCFSZ     R7, 0
;__Lib_Math.c,1061 :: 		
0x033E	0x07FB      	ADDWF      R11, 1
;__Lib_Math.c,1062 :: 		
SOK22L:
;__Lib_Math.c,1065 :: 		
L_end_SDIV3232L:
0x033F	0x0008      	RETURN
; end of _SDIV3232L
_Delay_22us:
;__Lib_Delays.c,15 :: 		void Delay_22us() {
;__Lib_Delays.c,16 :: 		Delay_us(22);
0x0340	0x3007      	MOVLW      7
0x0341	0x1283      	BCF        STATUS, 5
0x0342	0x1303      	BCF        STATUS, 6
0x0343	0x00FD      	MOVWF      R13
L_Delay_22us1:
0x0344	0x0BFD      	DECFSZ     R13, 1
0x0345	0x2B44      	GOTO       L_Delay_22us1
;__Lib_Delays.c,17 :: 		}
L_end_Delay_22us:
0x0346	0x0008      	RETURN
; end of _Delay_22us
_Div_16x16_S_L:
;__Lib_Math.c,421 :: 		
;__Lib_Math.c,427 :: 		
0x0347	0x0D71      	RLF        R1, 0
;__Lib_Math.c,428 :: 		
0x0348	0x0DF8      	RLF        R8, 1
;__Lib_Math.c,429 :: 		
0x0349	0x0DF9      	RLF        R9, 1
;__Lib_Math.c,430 :: 		
0x034A	0x0874      	MOVF       R4, 0
;__Lib_Math.c,431 :: 		
0x034B	0x02F8      	SUBWF      R8, 1
;__Lib_Math.c,432 :: 		
0x034C	0x0875      	MOVF       R5, 0
;__Lib_Math.c,433 :: 		
0x034D	0x1C03      	BTFSS      STATUS, 0
;__Lib_Math.c,434 :: 		
0x034E	0x0F75      	INCFSZ     R5, 0
;__Lib_Math.c,435 :: 		
0x034F	0x02F9      	SUBWF      R9, 1
;__Lib_Math.c,436 :: 		
0x0350	0x0DF0      	RLF        R0, 1
;__Lib_Math.c,437 :: 		
0x0351	0x0DF1      	RLF        R1, 1
;__Lib_Math.c,439 :: 		
0x0352	0x300F      	MOVLW      15
;__Lib_Math.c,440 :: 		
0x0353	0x00FC      	MOVWF      R12
;__Lib_Math.c,442 :: 		
0x0354	0x0D71      	RLF        R1, 0
;__Lib_Math.c,443 :: 		
0x0355	0x0DF8      	RLF        R8, 1
;__Lib_Math.c,444 :: 		
0x0356	0x0DF9      	RLF        R9, 1
;__Lib_Math.c,445 :: 		
0x0357	0x0874      	MOVF       R4, 0
;__Lib_Math.c,447 :: 		
0x0358	0x1C70      	BTFSS      R0, 0
;__Lib_Math.c,448 :: 		
0x0359	0x2B60      	GOTO       $+7
;__Lib_Math.c,449 :: 		
0x035A	0x02F8      	SUBWF      R8, 1
;__Lib_Math.c,450 :: 		
0x035B	0x0875      	MOVF       R5, 0
;__Lib_Math.c,451 :: 		
0x035C	0x1C03      	BTFSS      STATUS, 0
;__Lib_Math.c,452 :: 		
0x035D	0x0F75      	INCFSZ     R5, 0
;__Lib_Math.c,453 :: 		
0x035E	0x02F9      	SUBWF      R9, 1
;__Lib_Math.c,454 :: 		
0x035F	0x2B65      	GOTO       $+6
;__Lib_Math.c,456 :: 		
0x0360	0x07F8      	ADDWF      R8, 1
;__Lib_Math.c,457 :: 		
0x0361	0x0875      	MOVF       R5, 0
;__Lib_Math.c,458 :: 		
0x0362	0x1803      	BTFSC      STATUS, 0
;__Lib_Math.c,459 :: 		
0x0363	0x0F75      	INCFSZ     R5, 0
;__Lib_Math.c,460 :: 		
0x0364	0x07F9      	ADDWF      R9, 1
;__Lib_Math.c,462 :: 		
0x0365	0x0DF0      	RLF        R0, 1
;__Lib_Math.c,463 :: 		
0x0366	0x0DF1      	RLF        R1, 1
;__Lib_Math.c,465 :: 		
0x0367	0x0BFC      	DECFSZ     R12, 1
;__Lib_Math.c,466 :: 		
0x0368	0x2B54      	GOTO       $-20
;__Lib_Math.c,468 :: 		
0x0369	0x1870      	BTFSC      R0, 0
;__Lib_Math.c,469 :: 		
0x036A	0x2B71      	GOTO       $+7
;__Lib_Math.c,470 :: 		
0x036B	0x0874      	MOVF       R4, 0
;__Lib_Math.c,471 :: 		
0x036C	0x07F8      	ADDWF      R8, 1
;__Lib_Math.c,472 :: 		
0x036D	0x0875      	MOVF       R5, 0
;__Lib_Math.c,473 :: 		
0x036E	0x1803      	BTFSC      STATUS, 0
;__Lib_Math.c,474 :: 		
0x036F	0x0F75      	INCFSZ     R5, 0
;__Lib_Math.c,475 :: 		
0x0370	0x07F9      	ADDWF      R9, 1
;__Lib_Math.c,476 :: 		
0x0371	0x0000      	NOP
;__Lib_Math.c,478 :: 		
L_end_Div_16x16_S_L:
0x0372	0x0008      	RETURN
; end of _Div_16x16_S_L
_Div_16x16_S:
;__Lib_Math.c,480 :: 		
;__Lib_Math.c,488 :: 		
0x0373	0x1283      	BCF        STATUS, 5
0x0374	0x1303      	BCF        STATUS, 6
0x0375	0x0874      	MOVF       R4, 0
0x0376	0x3A00      	XORLW      0
0x0377	0x1D03      	BTFSS      STATUS, 2
0x0378	0x2B82      	GOTO       L_Div_16x16_S0
;__Lib_Math.c,489 :: 		
0x0379	0x0875      	MOVF       R5, 0
0x037A	0x3A00      	XORLW      0
0x037B	0x1D03      	BTFSS      STATUS, 2
0x037C	0x2B82      	GOTO       L_Div_16x16_S1
;__Lib_Math.c,490 :: 		
0x037D	0x30FF      	MOVLW      255
0x037E	0x00F0      	MOVWF      R0
;__Lib_Math.c,491 :: 		
0x037F	0x307F      	MOVLW      127
0x0380	0x00F1      	MOVWF      R1
;__Lib_Math.c,492 :: 		
0x0381	0x2BDB      	GOTO       L_end_Div_16x16_S
;__Lib_Math.c,493 :: 		
L_Div_16x16_S1:
L_Div_16x16_S0:
;__Lib_Math.c,496 :: 		
0x0382	0x1283      	BCF        STATUS, 5
;__Lib_Math.c,497 :: 		
0x0383	0x1303      	BCF        STATUS, 6
;__Lib_Math.c,498 :: 		
0x0384	0x01FD      	CLRF       R13
;__Lib_Math.c,499 :: 		
0x0385	0x01F9      	CLRF       R9
;__Lib_Math.c,500 :: 		
0x0386	0x01F8      	CLRF       R8
;__Lib_Math.c,501 :: 		
0x0387	0x0871      	MOVF       R1, 0
;__Lib_Math.c,502 :: 		
0x0388	0x0470      	IORWF      R0, 0
;__Lib_Math.c,503 :: 		
0x0389	0x1903      	BTFSC      STATUS, 2
;__Lib_Math.c,504 :: 		
0x038A	0x3400      	RETLW      0
;__Lib_Math.c,506 :: 		
0x038B	0x0871      	MOVF       R1, 0
;__Lib_Math.c,507 :: 		
0x038C	0x0675      	XORWF      R5, 0
;__Lib_Math.c,508 :: 		
0x038D	0x00FA      	MOVWF      R10
;__Lib_Math.c,509 :: 		
0x038E	0x1BFA      	BTFSC      R10, 7
;__Lib_Math.c,510 :: 		
0x038F	0x09FD      	COMF       R13, 1
;__Lib_Math.c,512 :: 		
0x0390	0x01FB      	CLRF       R11
;__Lib_Math.c,514 :: 		
0x0391	0x1FF5      	BTFSS      R5, 7
;__Lib_Math.c,515 :: 		
0x0392	0x2B98      	GOTO       $+6
;__Lib_Math.c,517 :: 		
0x0393	0x09F4      	COMF       R4, 1
;__Lib_Math.c,518 :: 		
0x0394	0x09F5      	COMF       R5, 1
;__Lib_Math.c,519 :: 		
0x0395	0x0AF4      	INCF       R4, 1
;__Lib_Math.c,520 :: 		
0x0396	0x1903      	BTFSC      STATUS, 2
;__Lib_Math.c,521 :: 		
0x0397	0x0AF5      	INCF       R5, 1
;__Lib_Math.c,523 :: 		
0x0398	0x1FF1      	BTFSS      R1, 7
;__Lib_Math.c,524 :: 		
0x0399	0x2B9F      	GOTO       $+6
;__Lib_Math.c,526 :: 		
0x039A	0x09F0      	COMF       R0, 1
;__Lib_Math.c,527 :: 		
0x039B	0x09F1      	COMF       R1, 1
;__Lib_Math.c,528 :: 		
0x039C	0x0AF0      	INCF       R0, 1
;__Lib_Math.c,529 :: 		
0x039D	0x1903      	BTFSC      STATUS, 2
;__Lib_Math.c,530 :: 		
0x039E	0x0AF1      	INCF       R1, 1
;__Lib_Math.c,532 :: 		
0x039F	0x0871      	MOVF       R1, 0
;__Lib_Math.c,533 :: 		
0x03A0	0x0475      	IORWF      R5, 0
;__Lib_Math.c,534 :: 		
0x03A1	0x00FA      	MOVWF      R10
;__Lib_Math.c,535 :: 		
0x03A2	0x1BFA      	BTFSC      R10, 7
;__Lib_Math.c,536 :: 		
0x03A3	0x2BB4      	GOTO       $+17
;__Lib_Math.c,538 :: 		
0x03A4	0x2347      	CALL       _Div_16x16_S_L
;__Lib_Math.c,540 :: 		
0x03A5	0x187B      	BTFSC      R11, 0
;__Lib_Math.c,541 :: 		
0x03A6	0x2BC7      	GOTO       $+33
;__Lib_Math.c,543 :: 		
0x03A7	0x1FFD      	BTFSS      R13, 7
;__Lib_Math.c,544 :: 		
0x03A8	0x3400      	RETLW      0
;__Lib_Math.c,546 :: 		
0x03A9	0x09F0      	COMF       R0, 1
;__Lib_Math.c,547 :: 		
0x03AA	0x09F1      	COMF       R1, 1
;__Lib_Math.c,548 :: 		
0x03AB	0x0AF0      	INCF       R0, 1
;__Lib_Math.c,549 :: 		
0x03AC	0x1903      	BTFSC      STATUS, 2
;__Lib_Math.c,550 :: 		
0x03AD	0x0AF1      	INCF       R1, 1
;__Lib_Math.c,552 :: 		
0x03AE	0x09F8      	COMF       R8, 1
;__Lib_Math.c,553 :: 		
0x03AF	0x09F9      	COMF       R9, 1
;__Lib_Math.c,554 :: 		
0x03B0	0x0AF8      	INCF       R8, 1
;__Lib_Math.c,555 :: 		
0x03B1	0x1903      	BTFSC      STATUS, 2
;__Lib_Math.c,556 :: 		
0x03B2	0x0AF9      	INCF       R9, 1
;__Lib_Math.c,558 :: 		
0x03B3	0x3400      	RETLW      0
;__Lib_Math.c,560 :: 		
0x03B4	0x1FF5      	BTFSS      R5, 7
;__Lib_Math.c,561 :: 		
0x03B5	0x2BC3      	GOTO       $+14
;__Lib_Math.c,562 :: 		
0x03B6	0x1BF1      	BTFSC      R1, 7
;__Lib_Math.c,563 :: 		
0x03B7	0x2BBF      	GOTO       $+8
;__Lib_Math.c,564 :: 		
0x03B8	0x0871      	MOVF       R1, 0
;__Lib_Math.c,565 :: 		
0x03B9	0x00F9      	MOVWF      R9
;__Lib_Math.c,566 :: 		
0x03BA	0x0870      	MOVF       R0, 0
;__Lib_Math.c,567 :: 		
0x03BB	0x00F8      	MOVWF      R8
;__Lib_Math.c,568 :: 		
0x03BC	0x01F1      	CLRF       R1
;__Lib_Math.c,569 :: 		
0x03BD	0x01F0      	CLRF       R0
;__Lib_Math.c,570 :: 		
0x03BE	0x2BA7      	GOTO       $-23
;__Lib_Math.c,571 :: 		
0x03BF	0x01F1      	CLRF       R1
;__Lib_Math.c,572 :: 		
0x03C0	0x01F0      	CLRF       R0
;__Lib_Math.c,573 :: 		
0x03C1	0x0AF0      	INCF       R0, 1
;__Lib_Math.c,574 :: 		
0x03C2	0x3400      	RETLW      0
;__Lib_Math.c,576 :: 		
0x03C3	0x09F1      	COMF       R1, 1
;__Lib_Math.c,577 :: 		
0x03C4	0x09F0      	COMF       R0, 1
;__Lib_Math.c,578 :: 		
0x03C5	0x0AFB      	INCF       R11, 1
;__Lib_Math.c,579 :: 		
0x03C6	0x2BA4      	GOTO       $-34
;__Lib_Math.c,581 :: 		
0x03C7	0x0AF8      	INCF       R8, 1
;__Lib_Math.c,582 :: 		
0x03C8	0x1903      	BTFSC      STATUS, 2
;__Lib_Math.c,583 :: 		
0x03C9	0x0AF9      	INCF       R9, 1
;__Lib_Math.c,584 :: 		
0x03CA	0x0874      	MOVF       R4, 0
;__Lib_Math.c,585 :: 		
0x03CB	0x0278      	SUBWF      R8, 0
;__Lib_Math.c,586 :: 		
0x03CC	0x1D03      	BTFSS      STATUS, 2
;__Lib_Math.c,587 :: 		
0x03CD	0x2BA7      	GOTO       $-38
;__Lib_Math.c,588 :: 		
0x03CE	0x0875      	MOVF       R5, 0
;__Lib_Math.c,589 :: 		
0x03CF	0x0279      	SUBWF      R9, 0
;__Lib_Math.c,590 :: 		
0x03D0	0x1D03      	BTFSS      STATUS, 2
;__Lib_Math.c,591 :: 		
0x03D1	0x2BA7      	GOTO       $-42
;__Lib_Math.c,592 :: 		
0x03D2	0x01F9      	CLRF       R9
;__Lib_Math.c,593 :: 		
0x03D3	0x01F8      	CLRF       R8
;__Lib_Math.c,594 :: 		
0x03D4	0x0AF0      	INCF       R0, 1
;__Lib_Math.c,595 :: 		
0x03D5	0x1903      	BTFSC      STATUS, 2
;__Lib_Math.c,596 :: 		
0x03D6	0x0AF1      	INCF       R1, 1
;__Lib_Math.c,597 :: 		
0x03D7	0x1FF1      	BTFSS      R1, 7
;__Lib_Math.c,598 :: 		
0x03D8	0x2BA7      	GOTO       $-49
;__Lib_Math.c,599 :: 		
0x03D9	0x0000      	NOP
;__Lib_Math.c,600 :: 		
0x03DA	0x34FF      	RETLW      255
;__Lib_Math.c,602 :: 		
L_end_Div_16x16_S:
0x03DB	0x0008      	RETURN
; end of _Div_16x16_S
_IntToStr:
;__Lib_Conversions.c,195 :: 		
;__Lib_Conversions.c,201 :: 		
0x03DC	0x1283      	BCF        STATUS, 5
0x03DD	0x1303      	BCF        STATUS, 6
0x03DE	0x01E1      	CLRF       IntToStr_negative_L0
0x03DF	0x01E2      	CLRF       IntToStr_negative_L0+1
;__Lib_Conversions.c,202 :: 		
0x03E0	0x085C      	MOVF       FARG_IntToStr_input, 0
0x03E1	0x00E3      	MOVWF      IntToStr_inword_L0
0x03E2	0x085D      	MOVF       FARG_IntToStr_input+1, 0
0x03E3	0x00E4      	MOVWF      IntToStr_inword_L0+1
;__Lib_Conversions.c,203 :: 		
0x03E4	0x3080      	MOVLW      128
0x03E5	0x065D      	XORWF      FARG_IntToStr_input+1, 0
0x03E6	0x00F0      	MOVWF      R0
0x03E7	0x3080      	MOVLW      128
0x03E8	0x0270      	SUBWF      R0, 0
0x03E9	0x1D03      	BTFSS      STATUS, 2
0x03EA	0x2BED      	GOTO       L__IntToStr387
0x03EB	0x3000      	MOVLW      0
0x03EC	0x025C      	SUBWF      FARG_IntToStr_input, 0
L__IntToStr387:
0x03ED	0x1803      	BTFSC      STATUS, 0
0x03EE	0x2BFB      	GOTO       L_IntToStr37
;__Lib_Conversions.c,204 :: 		
0x03EF	0x3001      	MOVLW      1
0x03F0	0x00E1      	MOVWF      IntToStr_negative_L0
0x03F1	0x3000      	MOVLW      0
0x03F2	0x00E2      	MOVWF      IntToStr_negative_L0+1
;__Lib_Conversions.c,205 :: 		
0x03F3	0x085C      	MOVF       FARG_IntToStr_input, 0
0x03F4	0x3C00      	SUBLW      0
0x03F5	0x00E3      	MOVWF      IntToStr_inword_L0
0x03F6	0x085D      	MOVF       FARG_IntToStr_input+1, 0
0x03F7	0x1C03      	BTFSS      STATUS, 0
0x03F8	0x3E01      	ADDLW      1
0x03F9	0x01E4      	CLRF       IntToStr_inword_L0+1
0x03FA	0x02E4      	SUBWF      IntToStr_inword_L0+1, 1
;__Lib_Conversions.c,206 :: 		
L_IntToStr37:
;__Lib_Conversions.c,207 :: 		
0x03FB	0x0863      	MOVF       IntToStr_inword_L0, 0
0x03FC	0x00E5      	MOVWF      FARG_WordToStr_input
0x03FD	0x0864      	MOVF       IntToStr_inword_L0+1, 0
0x03FE	0x00E6      	MOVWF      FARG_WordToStr_input+1
0x03FF	0x085E      	MOVF       FARG_IntToStr_output, 0
0x0400	0x00E7      	MOVWF      FARG_WordToStr_output
0x0401	0x2170      	CALL       _WordToStr
;__Lib_Conversions.c,209 :: 		
0x0402	0x3006      	MOVLW      6
0x0403	0x00DF      	MOVWF      IntToStr_i_L0
0x0404	0x3000      	MOVLW      0
0x0405	0x00E0      	MOVWF      IntToStr_i_L0+1
;__Lib_Conversions.c,210 :: 		
L_IntToStr38:
0x0406	0x0860      	MOVF       IntToStr_i_L0+1, 0
0x0407	0x3C00      	SUBLW      0
0x0408	0x1D03      	BTFSS      STATUS, 2
0x0409	0x2C0C      	GOTO       L__IntToStr388
0x040A	0x085F      	MOVF       IntToStr_i_L0, 0
0x040B	0x3C00      	SUBLW      0
L__IntToStr388:
0x040C	0x1803      	BTFSC      STATUS, 0
0x040D	0x2C27      	GOTO       L_IntToStr39
;__Lib_Conversions.c,211 :: 		
0x040E	0x085F      	MOVF       IntToStr_i_L0, 0
0x040F	0x075E      	ADDWF      FARG_IntToStr_output, 0
0x0410	0x00F2      	MOVWF      R2
0x0411	0x3001      	MOVLW      1
0x0412	0x025F      	SUBWF      IntToStr_i_L0, 0
0x0413	0x00F0      	MOVWF      R0
0x0414	0x3000      	MOVLW      0
0x0415	0x1C03      	BTFSS      STATUS, 0
0x0416	0x3E01      	ADDLW      1
0x0417	0x0260      	SUBWF      IntToStr_i_L0+1, 0
0x0418	0x00F1      	MOVWF      R0+1
0x0419	0x0870      	MOVF       R0, 0
0x041A	0x075E      	ADDWF      FARG_IntToStr_output, 0
0x041B	0x0084      	MOVWF      FSR
0x041C	0x0800      	MOVF       INDF, 0
0x041D	0x00F0      	MOVWF      R0
0x041E	0x0872      	MOVF       R2, 0
0x041F	0x0084      	MOVWF      FSR
0x0420	0x0870      	MOVF       R0, 0
0x0421	0x0080      	MOVWF      INDF
;__Lib_Conversions.c,212 :: 		
0x0422	0x3001      	MOVLW      1
0x0423	0x02DF      	SUBWF      IntToStr_i_L0, 1
0x0424	0x1C03      	BTFSS      STATUS, 0
0x0425	0x03E0      	DECF       IntToStr_i_L0+1, 1
;__Lib_Conversions.c,213 :: 		
0x0426	0x2C06      	GOTO       L_IntToStr38
L_IntToStr39:
;__Lib_Conversions.c,214 :: 		
0x0427	0x085E      	MOVF       FARG_IntToStr_output, 0
0x0428	0x0084      	MOVWF      FSR
0x0429	0x3020      	MOVLW      32
0x042A	0x0080      	MOVWF      INDF
;__Lib_Conversions.c,215 :: 		
0x042B	0x0861      	MOVF       IntToStr_negative_L0, 0
0x042C	0x0462      	IORWF      IntToStr_negative_L0+1, 0
0x042D	0x1903      	BTFSC      STATUS, 2
0x042E	0x2C45      	GOTO       L_IntToStr40
;__Lib_Conversions.c,216 :: 		
0x042F	0x01DF      	CLRF       IntToStr_i_L0
0x0430	0x01E0      	CLRF       IntToStr_i_L0+1
;__Lib_Conversions.c,217 :: 		
L_IntToStr41:
0x0431	0x085F      	MOVF       IntToStr_i_L0, 0
0x0432	0x075E      	ADDWF      FARG_IntToStr_output, 0
0x0433	0x0084      	MOVWF      FSR
0x0434	0x0800      	MOVF       INDF, 0
0x0435	0x3A20      	XORLW      32
0x0436	0x1D03      	BTFSS      STATUS, 2
0x0437	0x2C3C      	GOTO       L_IntToStr42
0x0438	0x0ADF      	INCF       IntToStr_i_L0, 1
0x0439	0x1903      	BTFSC      STATUS, 2
0x043A	0x0AE0      	INCF       IntToStr_i_L0+1, 1
0x043B	0x2C31      	GOTO       L_IntToStr41
L_IntToStr42:
;__Lib_Conversions.c,218 :: 		
0x043C	0x3001      	MOVLW      1
0x043D	0x02DF      	SUBWF      IntToStr_i_L0, 1
0x043E	0x1C03      	BTFSS      STATUS, 0
0x043F	0x03E0      	DECF       IntToStr_i_L0+1, 1
;__Lib_Conversions.c,219 :: 		
0x0440	0x085F      	MOVF       IntToStr_i_L0, 0
0x0441	0x075E      	ADDWF      FARG_IntToStr_output, 0
0x0442	0x0084      	MOVWF      FSR
0x0443	0x302D      	MOVLW      45
0x0444	0x0080      	MOVWF      INDF
L_IntToStr40:
;__Lib_Conversions.c,220 :: 		
L_end_IntToStr:
0x0445	0x0008      	RETURN
; end of _IntToStr
_Mul_32x32_U:
;__Lib_Math.c,1775 :: 		
;__Lib_Math.c,1790 :: 		
0x0446	0x1283      	BCF        STATUS, 5
;__Lib_Math.c,1791 :: 		
0x0447	0x1303      	BCF        STATUS, 6
;__Lib_Math.c,1792 :: 		
0x0448	0x3022      	MOVLW      34
;__Lib_Math.c,1793 :: 		
0x0449	0x00FC      	MOVWF      R12
;__Lib_Math.c,1794 :: 		
0x044A	0x01F8      	CLRF       R8
;__Lib_Math.c,1795 :: 		
0x044B	0x01F9      	CLRF       R9
;__Lib_Math.c,1796 :: 		
0x044C	0x01FA      	CLRF       R10
;__Lib_Math.c,1797 :: 		
0x044D	0x01FB      	CLRF       R11
;__Lib_Math.c,1799 :: 		
_NEXT:
;__Lib_Math.c,1803 :: 		
0x044E	0x03FC      	DECF       R12, 1
;__Lib_Math.c,1804 :: 		
0x044F	0x1903      	BTFSC      STATUS, 2
;__Lib_Math.c,1805 :: 		
0x0450	0x2C7C      	GOTO       _EXIT2
;__Lib_Math.c,1806 :: 		
0x0451	0x1003      	BCF        STATUS, 0
;__Lib_Math.c,1808 :: 		
_LOOP:
;__Lib_Math.c,1817 :: 		
0x0452	0x0CFB      	RRF        R11, 1
;__Lib_Math.c,1818 :: 		
0x0453	0x0CFA      	RRF        R10, 1
;__Lib_Math.c,1819 :: 		
0x0454	0x0CF9      	RRF        R9, 1
;__Lib_Math.c,1820 :: 		
0x0455	0x0CF8      	RRF        R8, 1
;__Lib_Math.c,1821 :: 		
0x0456	0x0CF3      	RRF        R3, 1
;__Lib_Math.c,1822 :: 		
0x0457	0x0CF2      	RRF        R2, 1
;__Lib_Math.c,1823 :: 		
0x0458	0x0CF1      	RRF        R1, 1
;__Lib_Math.c,1824 :: 		
0x0459	0x0CF0      	RRF        R0, 1
;__Lib_Math.c,1829 :: 		
0x045A	0x1C03      	BTFSS      STATUS, 0
;__Lib_Math.c,1830 :: 		
0x045B	0x2C4E      	GOTO       _NEXT
;__Lib_Math.c,1831 :: 		
0x045C	0x03FC      	DECF       R12, 1
;__Lib_Math.c,1832 :: 		
0x045D	0x1903      	BTFSC      STATUS, 2
;__Lib_Math.c,1833 :: 		
0x045E	0x2C6E      	GOTO       _EXIT1
;__Lib_Math.c,1840 :: 		
0x045F	0x0874      	MOVF       R4, 0
;__Lib_Math.c,1841 :: 		
0x0460	0x07F8      	ADDWF      R8, 1
;__Lib_Math.c,1842 :: 		
0x0461	0x0875      	MOVF       R5, 0
;__Lib_Math.c,1843 :: 		
0x0462	0x1803      	BTFSC      STATUS, 0
;__Lib_Math.c,1844 :: 		
0x0463	0x0F75      	INCFSZ     R5, 0
;__Lib_Math.c,1845 :: 		
0x0464	0x07F9      	ADDWF      R9, 1
;__Lib_Math.c,1846 :: 		
0x0465	0x0876      	MOVF       R6, 0
;__Lib_Math.c,1847 :: 		
0x0466	0x1803      	BTFSC      STATUS, 0
;__Lib_Math.c,1848 :: 		
0x0467	0x0F76      	INCFSZ     R6, 0
;__Lib_Math.c,1849 :: 		
0x0468	0x07FA      	ADDWF      R10, 1
;__Lib_Math.c,1850 :: 		
0x0469	0x0877      	MOVF       R7, 0
;__Lib_Math.c,1851 :: 		
0x046A	0x1803      	BTFSC      STATUS, 0
;__Lib_Math.c,1852 :: 		
0x046B	0x0F77      	INCFSZ     R7, 0
;__Lib_Math.c,1853 :: 		
0x046C	0x07FB      	ADDWF      R11, 1
;__Lib_Math.c,1855 :: 		
0x046D	0x2C52      	GOTO       _LOOP
;__Lib_Math.c,1857 :: 		
_EXIT1:
;__Lib_Math.c,1862 :: 		
0x046E	0x0874      	MOVF       R4, 0
;__Lib_Math.c,1863 :: 		
0x046F	0x07F8      	ADDWF      R8, 1
;__Lib_Math.c,1864 :: 		
0x0470	0x0875      	MOVF       R5, 0
;__Lib_Math.c,1865 :: 		
0x0471	0x1803      	BTFSC      STATUS, 0
;__Lib_Math.c,1866 :: 		
0x0472	0x0F75      	INCFSZ     R5, 0
;__Lib_Math.c,1867 :: 		
0x0473	0x07F9      	ADDWF      R9, 1
;__Lib_Math.c,1868 :: 		
0x0474	0x0876      	MOVF       R6, 0
;__Lib_Math.c,1869 :: 		
0x0475	0x1803      	BTFSC      STATUS, 0
;__Lib_Math.c,1870 :: 		
0x0476	0x0F76      	INCFSZ     R6, 0
;__Lib_Math.c,1871 :: 		
0x0477	0x07FA      	ADDWF      R10, 1
;__Lib_Math.c,1872 :: 		
0x0478	0x0877      	MOVF       R7, 0
;__Lib_Math.c,1873 :: 		
0x0479	0x1803      	BTFSC      STATUS, 0
;__Lib_Math.c,1874 :: 		
0x047A	0x0F77      	INCFSZ     R7, 0
;__Lib_Math.c,1875 :: 		
0x047B	0x07FB      	ADDWF      R11, 1
;__Lib_Math.c,1878 :: 		
_EXIT2:
;__Lib_Math.c,1880 :: 		
L_end_Mul_32x32_U:
0x047C	0x0008      	RETURN
; end of _Mul_32x32_U
_Lcd_Out:
;__Lib_Lcd.c,184 :: 		
;__Lib_Lcd.c,187 :: 		
0x047D	0x2C8F      	GOTO       L_Lcd_Out11
;__Lib_Lcd.c,188 :: 		
L_Lcd_Out13:
0x047E	0x3080      	MOVLW      128
0x047F	0x1283      	BCF        STATUS, 5
0x0480	0x1303      	BCF        STATUS, 6
0x0481	0x00DC      	MOVWF      FARG_Lcd_Out_row
0x0482	0x2CA2      	GOTO       L_Lcd_Out12
;__Lib_Lcd.c,189 :: 		
L_Lcd_Out14:
0x0483	0x30C0      	MOVLW      192
0x0484	0x00DC      	MOVWF      FARG_Lcd_Out_row
0x0485	0x2CA2      	GOTO       L_Lcd_Out12
;__Lib_Lcd.c,190 :: 		
L_Lcd_Out15:
0x0486	0x3094      	MOVLW      148
0x0487	0x00DC      	MOVWF      FARG_Lcd_Out_row
0x0488	0x2CA2      	GOTO       L_Lcd_Out12
;__Lib_Lcd.c,191 :: 		
L_Lcd_Out16:
0x0489	0x30D4      	MOVLW      212
0x048A	0x00DC      	MOVWF      FARG_Lcd_Out_row
0x048B	0x2CA2      	GOTO       L_Lcd_Out12
;__Lib_Lcd.c,192 :: 		
L_Lcd_Out17:
0x048C	0x3080      	MOVLW      128
0x048D	0x00DC      	MOVWF      FARG_Lcd_Out_row
;__Lib_Lcd.c,193 :: 		
0x048E	0x2CA2      	GOTO       L_Lcd_Out12
L_Lcd_Out11:
0x048F	0x1283      	BCF        STATUS, 5
0x0490	0x1303      	BCF        STATUS, 6
0x0491	0x085C      	MOVF       FARG_Lcd_Out_row, 0
0x0492	0x3A01      	XORLW      1
0x0493	0x1903      	BTFSC      STATUS, 2
0x0494	0x2C7E      	GOTO       L_Lcd_Out13
0x0495	0x085C      	MOVF       FARG_Lcd_Out_row, 0
0x0496	0x3A02      	XORLW      2
0x0497	0x1903      	BTFSC      STATUS, 2
0x0498	0x2C83      	GOTO       L_Lcd_Out14
0x0499	0x085C      	MOVF       FARG_Lcd_Out_row, 0
0x049A	0x3A03      	XORLW      3
0x049B	0x1903      	BTFSC      STATUS, 2
0x049C	0x2C86      	GOTO       L_Lcd_Out15
0x049D	0x085C      	MOVF       FARG_Lcd_Out_row, 0
0x049E	0x3A04      	XORLW      4
0x049F	0x1903      	BTFSC      STATUS, 2
0x04A0	0x2C89      	GOTO       L_Lcd_Out16
0x04A1	0x2C8C      	GOTO       L_Lcd_Out17
L_Lcd_Out12:
;__Lib_Lcd.c,194 :: 		
0x04A2	0x035D      	DECF       FARG_Lcd_Out_column, 0
0x04A3	0x00F0      	MOVWF      R0
0x04A4	0x085C      	MOVF       FARG_Lcd_Out_row, 0
0x04A5	0x07F0      	ADDWF      R0, 1
0x04A6	0x0870      	MOVF       R0, 0
0x04A7	0x00DC      	MOVWF      FARG_Lcd_Out_row
;__Lib_Lcd.c,196 :: 		
0x04A8	0x0870      	MOVF       R0, 0
0x04A9	0x00EA      	MOVWF      FARG_Lcd_Cmd_out_char
0x04AA	0x20F8      	CALL       _Lcd_Cmd
;__Lib_Lcd.c,197 :: 		
0x04AB	0x103F      	BCF        __Lib_Lcd_cmd_status, BitPos(__Lib_Lcd_cmd_status+0)
;__Lib_Lcd.c,198 :: 		
0x04AC	0x01DF      	CLRF       Lcd_Out_i_L0
;__Lib_Lcd.c,199 :: 		
L_Lcd_Out18:
0x04AD	0x085F      	MOVF       Lcd_Out_i_L0, 0
0x04AE	0x075E      	ADDWF      FARG_Lcd_Out_text, 0
0x04AF	0x0084      	MOVWF      FSR
0x04B0	0x0800      	MOVF       INDF, 0
0x04B1	0x1903      	BTFSC      STATUS, 2
0x04B2	0x2CBB      	GOTO       L_Lcd_Out19
;__Lib_Lcd.c,200 :: 		
0x04B3	0x085F      	MOVF       Lcd_Out_i_L0, 0
0x04B4	0x075E      	ADDWF      FARG_Lcd_Out_text, 0
0x04B5	0x0084      	MOVWF      FSR
0x04B6	0x0800      	MOVF       INDF, 0
0x04B7	0x00E5      	MOVWF      FARG_Lcd_Chr_CP_out_char
0x04B8	0x2155      	CALL       _Lcd_Chr_CP
0x04B9	0x0ADF      	INCF       Lcd_Out_i_L0, 1
0x04BA	0x2CAD      	GOTO       L_Lcd_Out18
L_Lcd_Out19:
;__Lib_Lcd.c,201 :: 		
0x04BB	0x143F      	BSF        __Lib_Lcd_cmd_status, BitPos(__Lib_Lcd_cmd_status+0)
;__Lib_Lcd.c,202 :: 		
L_end_Lcd_Out:
0x04BC	0x0008      	RETURN
; end of _Lcd_Out
___CC2DW:
;__Lib_System.c,134 :: 		
;__Lib_System.c,137 :: 		
_CC2D_Loop1:
;__Lib_System.c,139 :: 		
0x04BD	0x2169      	CALL       _____DoICP
0x04BE	0x118A      	BCF        PCLATH, 3
0x04BF	0x120A      	BCF        PCLATH, 4
;__Lib_System.c,141 :: 		
0x04C0	0x0080      	MOVWF      INDF
;__Lib_System.c,142 :: 		
0x04C1	0x0A84      	INCF       FSR, 1
;__Lib_System.c,143 :: 		
0x04C2	0x0AB9      	INCF       ___DoICPAddr, 1
;__Lib_System.c,145 :: 		
0x04C3	0x1903      	BTFSC      STATUS, 2
;__Lib_System.c,146 :: 		
0x04C4	0x0ABA      	INCF       ___DoICPAddr+1, 1
;__Lib_System.c,147 :: 		
0x04C5	0x03F0      	DECF       R0, 1
;__Lib_System.c,149 :: 		
0x04C6	0x1D03      	BTFSS      STATUS, 2
;__Lib_System.c,150 :: 		
0x04C7	0x2CBD      	GOTO       _CC2D_Loop1
;__Lib_System.c,152 :: 		
L_end___CC2DW:
0x04C8	0x0008      	RETURN
; end of ___CC2DW
_Div_32x32_S:
;__Lib_Math.c,1092 :: 		
;__Lib_Math.c,1103 :: 		
;__Lib_Math.c,1106 :: 		
0x04C9	0x1283      	BCF        STATUS, 5
0x04CA	0x1303      	BCF        STATUS, 6
0x04CB	0x0874      	MOVF       R4, 0
0x04CC	0x3A00      	XORLW      0
0x04CD	0x1D03      	BTFSS      STATUS, 2
0x04CE	0x2CE4      	GOTO       L_Div_32x32_S6
;__Lib_Math.c,1107 :: 		
0x04CF	0x0875      	MOVF       R5, 0
0x04D0	0x3A00      	XORLW      0
0x04D1	0x1D03      	BTFSS      STATUS, 2
0x04D2	0x2CE4      	GOTO       L_Div_32x32_S7
;__Lib_Math.c,1108 :: 		
0x04D3	0x0876      	MOVF       R6, 0
0x04D4	0x3A00      	XORLW      0
0x04D5	0x1D03      	BTFSS      STATUS, 2
0x04D6	0x2CE4      	GOTO       L_Div_32x32_S8
;__Lib_Math.c,1109 :: 		
0x04D7	0x0877      	MOVF       R7, 0
0x04D8	0x3A00      	XORLW      0
0x04D9	0x1D03      	BTFSS      STATUS, 2
0x04DA	0x2CE4      	GOTO       L_Div_32x32_S9
;__Lib_Math.c,1110 :: 		
0x04DB	0x30FF      	MOVLW      255
0x04DC	0x00F0      	MOVWF      R0
;__Lib_Math.c,1111 :: 		
0x04DD	0x30FF      	MOVLW      255
0x04DE	0x00F1      	MOVWF      R1
;__Lib_Math.c,1112 :: 		
0x04DF	0x30FF      	MOVLW      255
0x04E0	0x00F2      	MOVWF      R2
;__Lib_Math.c,1113 :: 		
0x04E1	0x307F      	MOVLW      127
0x04E2	0x00F3      	MOVWF      R3
;__Lib_Math.c,1114 :: 		
0x04E3	0x2D7D      	GOTO       L_end_Div_32x32_S
;__Lib_Math.c,1115 :: 		
L_Div_32x32_S9:
L_Div_32x32_S8:
L_Div_32x32_S7:
L_Div_32x32_S6:
;__Lib_Math.c,1118 :: 		
0x04E4	0x1283      	BCF        STATUS, 5
;__Lib_Math.c,1119 :: 		
0x04E5	0x1303      	BCF        STATUS, 6
;__Lib_Math.c,1121 :: 		
0x04E6	0x01FC      	CLRF       R12
;__Lib_Math.c,1122 :: 		
0x04E7	0x1BF7      	BTFSC      R7, 7
;__Lib_Math.c,1123 :: 		
0x04E8	0x0AFC      	INCF       R12, 1
;__Lib_Math.c,1125 :: 		
0x04E9	0x01FD      	CLRF       R13
;__Lib_Math.c,1126 :: 		
0x04EA	0x01FB      	CLRF       R11
;__Lib_Math.c,1127 :: 		
0x04EB	0x01FA      	CLRF       R10
;__Lib_Math.c,1128 :: 		
0x04EC	0x01F9      	CLRF       R9
;__Lib_Math.c,1129 :: 		
0x04ED	0x01F8      	CLRF       R8
;__Lib_Math.c,1130 :: 		
0x04EE	0x0873      	MOVF       R3, 0
;__Lib_Math.c,1131 :: 		
0x04EF	0x0472      	IORWF      R2, 0
;__Lib_Math.c,1132 :: 		
0x04F0	0x0471      	IORWF      R1, 0
;__Lib_Math.c,1133 :: 		
0x04F1	0x0470      	IORWF      R0, 0
;__Lib_Math.c,1134 :: 		
0x04F2	0x1903      	BTFSC      STATUS, 2
;__Lib_Math.c,1135 :: 		
0x04F3	0x2D78      	GOTO       END_ALL
;__Lib_Math.c,1137 :: 		
0x04F4	0x0873      	MOVF       R3, 0
;__Lib_Math.c,1138 :: 		
0x04F5	0x0677      	XORWF      R7, 0
;__Lib_Math.c,1139 :: 		
0x04F6	0x00A0      	MOVWF      ___math_tempb
;__Lib_Math.c,1140 :: 		
0x04F7	0x1BA0      	BTFSC      ___math_tempb, 7
;__Lib_Math.c,1141 :: 		
0x04F8	0x09FD      	COMF       R13, 1
;__Lib_Math.c,1145 :: 		
0x04F9	0x1FF7      	BTFSS      R7, 7
;__Lib_Math.c,1146 :: 		
0x04FA	0x2D06      	GOTO       CA3232S
;__Lib_Math.c,1148 :: 		
0x04FB	0x09F4      	COMF       R4, 1
;__Lib_Math.c,1149 :: 		
0x04FC	0x09F5      	COMF       R5, 1
;__Lib_Math.c,1150 :: 		
0x04FD	0x09F6      	COMF       R6, 1
;__Lib_Math.c,1151 :: 		
0x04FE	0x09F7      	COMF       R7, 1
;__Lib_Math.c,1152 :: 		
0x04FF	0x0AF4      	INCF       R4, 1
;__Lib_Math.c,1153 :: 		
0x0500	0x1903      	BTFSC      STATUS, 2
;__Lib_Math.c,1154 :: 		
0x0501	0x0AF5      	INCF       R5, 1
;__Lib_Math.c,1155 :: 		
0x0502	0x1903      	BTFSC      STATUS, 2
;__Lib_Math.c,1156 :: 		
0x0503	0x0AF6      	INCF       R6, 1
;__Lib_Math.c,1157 :: 		
0x0504	0x1903      	BTFSC      STATUS, 2
;__Lib_Math.c,1158 :: 		
0x0505	0x0AF7      	INCF       R7, 1
;__Lib_Math.c,1160 :: 		
CA3232S:
;__Lib_Math.c,1161 :: 		
0x0506	0x1FF3      	BTFSS      R3, 7
;__Lib_Math.c,1162 :: 		
0x0507	0x2D13      	GOTO       C3232SX
;__Lib_Math.c,1164 :: 		
0x0508	0x09F0      	COMF       R0, 1
;__Lib_Math.c,1165 :: 		
0x0509	0x09F1      	COMF       R1, 1
;__Lib_Math.c,1166 :: 		
0x050A	0x09F2      	COMF       R2, 1
;__Lib_Math.c,1167 :: 		
0x050B	0x09F3      	COMF       R3, 1
;__Lib_Math.c,1168 :: 		
0x050C	0x0AF0      	INCF       R0, 1
;__Lib_Math.c,1169 :: 		
0x050D	0x1903      	BTFSC      STATUS, 2
;__Lib_Math.c,1170 :: 		
0x050E	0x0AF1      	INCF       R1, 1
;__Lib_Math.c,1171 :: 		
0x050F	0x1903      	BTFSC      STATUS, 2
;__Lib_Math.c,1172 :: 		
0x0510	0x0AF2      	INCF       R2, 1
;__Lib_Math.c,1173 :: 		
0x0511	0x1903      	BTFSC      STATUS, 2
;__Lib_Math.c,1174 :: 		
0x0512	0x0AF3      	INCF       R3, 1
;__Lib_Math.c,1176 :: 		
C3232SX:
;__Lib_Math.c,1177 :: 		
0x0513	0x0873      	MOVF       R3, 0
;__Lib_Math.c,1178 :: 		
0x0514	0x0477      	IORWF      R7, 0
;__Lib_Math.c,1179 :: 		
0x0515	0x00A0      	MOVWF      ___math_tempb
;__Lib_Math.c,1180 :: 		
0x0516	0x1BA0      	BTFSC      ___math_tempb, 7
;__Lib_Math.c,1181 :: 		
0x0517	0x2D34      	GOTO       C3232SX1
;__Lib_Math.c,1183 :: 		
C3232S:
;__Lib_Math.c,1186 :: 		
0x0518	0x2214      	CALL       _SDIV3232L
;__Lib_Math.c,1190 :: 		
0x0519	0x1BFC      	BTFSC      R12, 7
;__Lib_Math.c,1191 :: 		
0x051A	0x2D51      	GOTO       C3232SX4
;__Lib_Math.c,1193 :: 		
C3232SOK:
;__Lib_Math.c,1194 :: 		
0x051B	0x1FFD      	BTFSS      R13, 7
;__Lib_Math.c,1195 :: 		
0x051C	0x2D78      	GOTO       END_ALL
;__Lib_Math.c,1197 :: 		
0x051D	0x09F0      	COMF       R0, 1
;__Lib_Math.c,1198 :: 		
0x051E	0x09F1      	COMF       R1, 1
;__Lib_Math.c,1199 :: 		
0x051F	0x09F2      	COMF       R2, 1
;__Lib_Math.c,1200 :: 		
0x0520	0x09F3      	COMF       R3, 1
;__Lib_Math.c,1201 :: 		
0x0521	0x0AF0      	INCF       R0, 1
;__Lib_Math.c,1202 :: 		
0x0522	0x1903      	BTFSC      STATUS, 2
;__Lib_Math.c,1203 :: 		
0x0523	0x0AF1      	INCF       R1, 1
;__Lib_Math.c,1204 :: 		
0x0524	0x1903      	BTFSC      STATUS, 2
;__Lib_Math.c,1205 :: 		
0x0525	0x0AF2      	INCF       R2, 1
;__Lib_Math.c,1206 :: 		
0x0526	0x1903      	BTFSC      STATUS, 2
;__Lib_Math.c,1207 :: 		
0x0527	0x0AF3      	INCF       R3, 1
;__Lib_Math.c,1209 :: 		
0x0528	0x09F8      	COMF       R8, 1
;__Lib_Math.c,1210 :: 		
0x0529	0x09F9      	COMF       R9, 1
;__Lib_Math.c,1211 :: 		
0x052A	0x09FA      	COMF       R10, 1
;__Lib_Math.c,1212 :: 		
0x052B	0x09FB      	COMF       R11, 1
;__Lib_Math.c,1213 :: 		
0x052C	0x0AF8      	INCF       R8, 1
;__Lib_Math.c,1214 :: 		
0x052D	0x1903      	BTFSC      STATUS, 2
;__Lib_Math.c,1215 :: 		
0x052E	0x0AF9      	INCF       R9, 1
;__Lib_Math.c,1216 :: 		
0x052F	0x1903      	BTFSC      STATUS, 2
;__Lib_Math.c,1217 :: 		
0x0530	0x0AFA      	INCF       R10, 1
;__Lib_Math.c,1218 :: 		
0x0531	0x1903      	BTFSC      STATUS, 2
;__Lib_Math.c,1219 :: 		
0x0532	0x0AFB      	INCF       R11, 1
;__Lib_Math.c,1221 :: 		
0x0533	0x2D78      	GOTO       END_ALL
;__Lib_Math.c,1223 :: 		
C3232SX1:
;__Lib_Math.c,1224 :: 		
0x0534	0x1FF7      	BTFSS      R7, 7
;__Lib_Math.c,1225 :: 		
0x0535	0x2D4B      	GOTO       C3232SX3
;__Lib_Math.c,1226 :: 		
0x0536	0x1BF3      	BTFSC      R3, 7
;__Lib_Math.c,1227 :: 		
0x0537	0x2D45      	GOTO       C3232SX2
;__Lib_Math.c,1228 :: 		
0x0538	0x0873      	MOVF       R3, 0
;__Lib_Math.c,1229 :: 		
0x0539	0x00FB      	MOVWF      R11
;__Lib_Math.c,1230 :: 		
0x053A	0x0872      	MOVF       R2, 0
;__Lib_Math.c,1231 :: 		
0x053B	0x00FA      	MOVWF      R10
;__Lib_Math.c,1232 :: 		
0x053C	0x0871      	MOVF       R1, 0
;__Lib_Math.c,1233 :: 		
0x053D	0x00F9      	MOVWF      R9
;__Lib_Math.c,1234 :: 		
0x053E	0x0870      	MOVF       R0, 0
;__Lib_Math.c,1235 :: 		
0x053F	0x00F8      	MOVWF      R8
;__Lib_Math.c,1236 :: 		
0x0540	0x01F3      	CLRF       R3
;__Lib_Math.c,1237 :: 		
0x0541	0x01F2      	CLRF       R2
;__Lib_Math.c,1238 :: 		
0x0542	0x01F1      	CLRF       R1
;__Lib_Math.c,1239 :: 		
0x0543	0x01F0      	CLRF       R0
;__Lib_Math.c,1240 :: 		
0x0544	0x2D1B      	GOTO       C3232SOK
;__Lib_Math.c,1241 :: 		
C3232SX2:
;__Lib_Math.c,1242 :: 		
0x0545	0x01F3      	CLRF       R3
;__Lib_Math.c,1243 :: 		
0x0546	0x01F2      	CLRF       R2
;__Lib_Math.c,1244 :: 		
0x0547	0x01F1      	CLRF       R1
;__Lib_Math.c,1245 :: 		
0x0548	0x01F0      	CLRF       R0
;__Lib_Math.c,1246 :: 		
0x0549	0x0AF0      	INCF       R0, 1
;__Lib_Math.c,1247 :: 		
0x054A	0x3400      	RETLW      0
;__Lib_Math.c,1249 :: 		
C3232SX3:
;__Lib_Math.c,1250 :: 		
0x054B	0x09F3      	COMF       R3, 1
;__Lib_Math.c,1251 :: 		
0x054C	0x09F2      	COMF       R2, 1
;__Lib_Math.c,1252 :: 		
0x054D	0x09F1      	COMF       R1, 1
;__Lib_Math.c,1253 :: 		
0x054E	0x09F0      	COMF       R0, 1
;__Lib_Math.c,1255 :: 		
0x054F	0x17FC      	BSF        R12, 7
;__Lib_Math.c,1257 :: 		
0x0550	0x2D18      	GOTO       C3232S
;__Lib_Math.c,1259 :: 		
C3232SX4:
;__Lib_Math.c,1260 :: 		
0x0551	0x0AF8      	INCF       R8, 1
;__Lib_Math.c,1261 :: 		
0x0552	0x1903      	BTFSC      STATUS, 2
;__Lib_Math.c,1262 :: 		
0x0553	0x0AF9      	INCF       R9, 1
;__Lib_Math.c,1263 :: 		
0x0554	0x1903      	BTFSC      STATUS, 2
;__Lib_Math.c,1264 :: 		
0x0555	0x0AFA      	INCF       R10, 1
;__Lib_Math.c,1265 :: 		
0x0556	0x1903      	BTFSC      STATUS, 2
;__Lib_Math.c,1266 :: 		
0x0557	0x0AFB      	INCF       R11, 1
;__Lib_Math.c,1267 :: 		
0x0558	0x0874      	MOVF       R4, 0
;__Lib_Math.c,1268 :: 		
0x0559	0x0278      	SUBWF      R8, 0
;__Lib_Math.c,1269 :: 		
0x055A	0x1D03      	BTFSS      STATUS, 2
;__Lib_Math.c,1270 :: 		
0x055B	0x2D1B      	GOTO       C3232SOK
;__Lib_Math.c,1271 :: 		
0x055C	0x0875      	MOVF       R5, 0
;__Lib_Math.c,1272 :: 		
0x055D	0x0279      	SUBWF      R9, 0
;__Lib_Math.c,1273 :: 		
0x055E	0x1D03      	BTFSS      STATUS, 2
;__Lib_Math.c,1274 :: 		
0x055F	0x2D1B      	GOTO       C3232SOK
;__Lib_Math.c,1275 :: 		
0x0560	0x0876      	MOVF       R6, 0
;__Lib_Math.c,1276 :: 		
0x0561	0x027A      	SUBWF      R10, 0
;__Lib_Math.c,1277 :: 		
0x0562	0x1D03      	BTFSS      STATUS, 2
;__Lib_Math.c,1278 :: 		
0x0563	0x2D1B      	GOTO       C3232SOK
;__Lib_Math.c,1279 :: 		
0x0564	0x0877      	MOVF       R7, 0
;__Lib_Math.c,1280 :: 		
0x0565	0x027B      	SUBWF      R11, 0
;__Lib_Math.c,1281 :: 		
0x0566	0x1D03      	BTFSS      STATUS, 2
;__Lib_Math.c,1282 :: 		
0x0567	0x2D1B      	GOTO       C3232SOK
;__Lib_Math.c,1283 :: 		
0x0568	0x01FB      	CLRF       R11
;__Lib_Math.c,1284 :: 		
0x0569	0x01FA      	CLRF       R10
;__Lib_Math.c,1285 :: 		
0x056A	0x01F9      	CLRF       R9
;__Lib_Math.c,1286 :: 		
0x056B	0x01F8      	CLRF       R8
;__Lib_Math.c,1287 :: 		
0x056C	0x0AF0      	INCF       R0, 1
;__Lib_Math.c,1288 :: 		
0x056D	0x1903      	BTFSC      STATUS, 2
;__Lib_Math.c,1289 :: 		
0x056E	0x0AF1      	INCF       R1, 1
;__Lib_Math.c,1290 :: 		
0x056F	0x1903      	BTFSC      STATUS, 2
;__Lib_Math.c,1291 :: 		
0x0570	0x0AF2      	INCF       R2, 1
;__Lib_Math.c,1292 :: 		
0x0571	0x1903      	BTFSC      STATUS, 2
;__Lib_Math.c,1293 :: 		
0x0572	0x0AF3      	INCF       R3, 1
;__Lib_Math.c,1294 :: 		
0x0573	0x1FF3      	BTFSS      R3, 7
;__Lib_Math.c,1295 :: 		
0x0574	0x2D1B      	GOTO       C3232SOK
;__Lib_Math.c,1296 :: 		
0x0575	0x01A0      	CLRF       ___math_tempb
;__Lib_Math.c,1297 :: 		
0x0576	0x1620      	BSF        ___math_tempb, 4
;__Lib_Math.c,1298 :: 		
0x0577	0x34FF      	RETLW      255
;__Lib_Math.c,1299 :: 		
END_ALL:
;__Lib_Math.c,1300 :: 		
0x0578	0x01A0      	CLRF       ___math_tempb
;__Lib_Math.c,1301 :: 		
0x0579	0x1C7C      	BTFSS      R12, 0
;__Lib_Math.c,1302 :: 		
0x057A	0x2D7C      	GOTO       avoid_comfrem
;__Lib_Math.c,1304 :: 		
0x057B	0x215D      	CALL       _COMFREM
;__Lib_Math.c,1306 :: 		
avoid_comfrem:
;__Lib_Math.c,1307 :: 		
0x057C	0x3E00      	ADDLW      0
;__Lib_Math.c,1309 :: 		
L_end_Div_32x32_S:
0x057D	0x0008      	RETURN
; end of _Div_32x32_S
_ADC_Read:
;__Lib_ADC_A_C.c,68 :: 		
;__Lib_ADC_A_C.c,70 :: 		
0x057E	0x1283      	BCF        STATUS, 5
0x057F	0x1303      	BCF        STATUS, 6
0x0580	0x019F      	CLRF       ADCON0
;__Lib_ADC_A_C.c,71 :: 		
0x0581	0x30C0      	MOVLW      192
0x0582	0x049F      	IORWF      ADCON0, 1
;__Lib_ADC_A_C.c,72 :: 		
0x0583	0x092D      	COMF       _vref_mask, 0
0x0584	0x00F0      	MOVWF      R0
0x0585	0x0870      	MOVF       R0, 0
0x0586	0x1683      	BSF        STATUS, 5
0x0587	0x059F      	ANDWF      ADCON1, 1
;__Lib_ADC_A_C.c,73 :: 		
0x0588	0x171F      	BSF        ADCON1, 6
;__Lib_ADC_A_C.c,74 :: 		
0x0589	0x179F      	BSF        ADCON1, 7
;__Lib_ADC_A_C.c,75 :: 		
0x058A	0x1283      	BCF        STATUS, 5
0x058B	0x085C      	MOVF       FARG_ADC_Read_channel, 0
0x058C	0x00F0      	MOVWF      R0
0x058D	0x0DF0      	RLF        R0, 1
0x058E	0x1070      	BCF        R0, 0
0x058F	0x0DF0      	RLF        R0, 1
0x0590	0x1070      	BCF        R0, 0
0x0591	0x0DF0      	RLF        R0, 1
0x0592	0x1070      	BCF        R0, 0
0x0593	0x0870      	MOVF       R0, 0
0x0594	0x049F      	IORWF      ADCON0, 1
;__Lib_ADC_A_C.c,78 :: 		
0x0595	0x141F      	BSF        ADCON0, 0
;__Lib_ADC_A_C.c,81 :: 		
0x0596	0x2340      	CALL       _Delay_22us
;__Lib_ADC_A_C.c,84 :: 		
0x0597	0x151F      	BSF        ADCON0, 2
;__Lib_ADC_A_C.c,87 :: 		
L_ADC_Read2:
0x0598	0x1D1F      	BTFSS      ADCON0, 2
0x0599	0x2D9C      	GOTO       L_ADC_Read3
;__Lib_ADC_A_C.c,88 :: 		
0x059A	0x0000      	NOP
0x059B	0x2D98      	GOTO       L_ADC_Read2
L_ADC_Read3:
;__Lib_ADC_A_C.c,91 :: 		
0x059C	0x101F      	BCF        ADCON0, 0
;__Lib_ADC_A_C.c,94 :: 		
0x059D	0x081E      	MOVF       ADRESH, 0
0x059E	0x00F1      	MOVWF      R0+1
0x059F	0x01F0      	CLRF       R0
0x05A0	0x1683      	BSF        STATUS, 5
0x05A1	0x081E      	MOVF       ADRESL, 0
0x05A2	0x04F0      	IORWF      R0, 1
0x05A3	0x3000      	MOVLW      0
0x05A4	0x04F1      	IORWF      R0+1, 1
;__Lib_ADC_A_C.c,95 :: 		
L_end_ADC_Read:
0x05A5	0x0008      	RETURN
; end of _ADC_Read
_maininit:
;pwmongpio.c,68 :: 		void maininit()
;pwmongpio.c,70 :: 		chs0_bit=0;
0x05A6	0x1283      	BCF        STATUS, 5
0x05A7	0x1303      	BCF        STATUS, 6
0x05A8	0x119F      	BCF        CHS0_bit, BitPos(CHS0_bit+0)
;pwmongpio.c,71 :: 		chs1_bit=1;
0x05A9	0x161F      	BSF        CHS1_bit, BitPos(CHS1_bit+0)
;pwmongpio.c,72 :: 		chs2_bit=0;
0x05AA	0x129F      	BCF        CHS2_bit, BitPos(CHS2_bit+0)
;pwmongpio.c,73 :: 		adcon1=0x00;
0x05AB	0x1683      	BSF        STATUS, 5
0x05AC	0x019F      	CLRF       ADCON1
;pwmongpio.c,74 :: 		trisa=0xff;
0x05AD	0x30FF      	MOVLW      255
0x05AE	0x0085      	MOVWF      TRISA
;pwmongpio.c,75 :: 		trisb.rb0=0;
0x05AF	0x1006      	BCF        TRISB, 0
;pwmongpio.c,76 :: 		ADC_init();
0x05B0	0x21FE      	CALL       _ADC_Init
;pwmongpio.c,77 :: 		GIE_bit=1;
0x05B1	0x178B      	BSF        GIE_bit, BitPos(GIE_bit+0)
;pwmongpio.c,78 :: 		peie_bit=1;
0x05B2	0x170B      	BSF        PEIE_bit, BitPos(PEIE_bit+0)
;pwmongpio.c,79 :: 		t1con=0x01;
0x05B3	0x3001      	MOVLW      1
0x05B4	0x0090      	MOVWF      T1CON
;pwmongpio.c,80 :: 		tmr1ie_bit=1;
0x05B5	0x1683      	BSF        STATUS, 5
0x05B6	0x140C      	BSF        TMR1IE_bit, BitPos(TMR1IE_bit+0)
;pwmongpio.c,81 :: 		tmr1if_bit=0;
0x05B7	0x1283      	BCF        STATUS, 5
0x05B8	0x100C      	BCF        TMR1IF_bit, BitPos(TMR1IF_bit+0)
;pwmongpio.c,82 :: 		lcd_init();
0x05B9	0x21B0      	CALL       _Lcd_Init
;pwmongpio.c,83 :: 		lcd_cmd(_lcd_clear);
0x05BA	0x3001      	MOVLW      1
0x05BB	0x00EA      	MOVWF      FARG_Lcd_Cmd_out_char
0x05BC	0x20F8      	CALL       _Lcd_Cmd
;pwmongpio.c,84 :: 		lcd_cmd(_lcd_cursor_off);
0x05BD	0x300C      	MOVLW      12
0x05BE	0x00EA      	MOVWF      FARG_Lcd_Cmd_out_char
0x05BF	0x20F8      	CALL       _Lcd_Cmd
;pwmongpio.c,85 :: 		tmr1h=0xff; tmr1l=0x0c;
0x05C0	0x30FF      	MOVLW      255
0x05C1	0x008F      	MOVWF      TMR1H
0x05C2	0x300C      	MOVLW      12
0x05C3	0x008E      	MOVWF      TMR1L
;pwmongpio.c,86 :: 		}
L_end_maininit:
0x05C4	0x0008      	RETURN
; end of _maininit
_main:
0x05C5	0x263E      	CALL       1598
;pwmongpio.c,48 :: 		void main() {
;pwmongpio.c,49 :: 		maininit();
0x05C6	0x25A6      	CALL       _maininit
;pwmongpio.c,50 :: 		i=0;state=0;
0x05C7	0x01D0      	CLRF       _i
0x05C8	0x01D1      	CLRF       _i+1
0x05C9	0x01CF      	CLRF       _state
;pwmongpio.c,51 :: 		lcd_out(1,1,"Dutycycle=");
0x05CA	0x3001      	MOVLW      1
0x05CB	0x00DC      	MOVWF      FARG_Lcd_Out_row
0x05CC	0x3001      	MOVLW      1
0x05CD	0x00DD      	MOVWF      FARG_Lcd_Out_column
0x05CE	0x302E      	MOVLW      ?lstr1_pwmongpio
0x05CF	0x00DE      	MOVWF      FARG_Lcd_Out_text
0x05D0	0x247D      	CALL       _Lcd_Out
;pwmongpio.c,52 :: 		while(1)
L_main3:
;pwmongpio.c,54 :: 		portb.rb0=state;
0x05D1	0x184F      	BTFSC      _state, 0
0x05D2	0x2DD5      	GOTO       L__main8
0x05D3	0x1006      	BCF        PORTB, 0
0x05D4	0x2DD6      	GOTO       L__main9
L__main8:
0x05D5	0x1406      	BSF        PORTB, 0
L__main9:
;pwmongpio.c,55 :: 		value=ADC_read(2);
0x05D6	0x3002      	MOVLW      2
0x05D7	0x00DC      	MOVWF      FARG_ADC_Read_channel
0x05D8	0x257E      	CALL       _ADC_Read
0x05D9	0x0870      	MOVF       R0, 0
0x05DA	0x1283      	BCF        STATUS, 5
0x05DB	0x00D6      	MOVWF      _value
0x05DC	0x0871      	MOVF       R0+1, 0
0x05DD	0x00D7      	MOVWF      _value+1
0x05DE	0x01D8      	CLRF       _value+2
0x05DF	0x01D9      	CLRF       _value+3
;pwmongpio.c,56 :: 		value=(value*100);
0x05E0	0x0856      	MOVF       _value, 0
0x05E1	0x00F0      	MOVWF      R0
0x05E2	0x0857      	MOVF       _value+1, 0
0x05E3	0x00F1      	MOVWF      R0+1
0x05E4	0x0858      	MOVF       _value+2, 0
0x05E5	0x00F2      	MOVWF      R0+2
0x05E6	0x0859      	MOVF       _value+3, 0
0x05E7	0x00F3      	MOVWF      R0+3
0x05E8	0x3064      	MOVLW      100
0x05E9	0x00F4      	MOVWF      R4
0x05EA	0x01F5      	CLRF       R4+1
0x05EB	0x01F6      	CLRF       R4+2
0x05EC	0x01F7      	CLRF       R4+3
0x05ED	0x2446      	CALL       _Mul_32x32_U
0x05EE	0x0870      	MOVF       R0, 0
0x05EF	0x00D6      	MOVWF      _value
0x05F0	0x0871      	MOVF       R0+1, 0
0x05F1	0x00D7      	MOVWF      _value+1
0x05F2	0x0872      	MOVF       R0+2, 0
0x05F3	0x00D8      	MOVWF      _value+2
0x05F4	0x0873      	MOVF       R0+3, 0
0x05F5	0x00D9      	MOVWF      _value+3
;pwmongpio.c,57 :: 		value*=10;
0x05F6	0x300A      	MOVLW      10
0x05F7	0x00F4      	MOVWF      R4
0x05F8	0x01F5      	CLRF       R4+1
0x05F9	0x01F6      	CLRF       R4+2
0x05FA	0x01F7      	CLRF       R4+3
0x05FB	0x2446      	CALL       _Mul_32x32_U
0x05FC	0x0870      	MOVF       R0, 0
0x05FD	0x00D6      	MOVWF      _value
0x05FE	0x0871      	MOVF       R0+1, 0
0x05FF	0x00D7      	MOVWF      _value+1
0x0600	0x0872      	MOVF       R0+2, 0
0x0601	0x00D8      	MOVWF      _value+2
0x0602	0x0873      	MOVF       R0+3, 0
0x0603	0x00D9      	MOVWF      _value+3
;pwmongpio.c,58 :: 		value/=1024;
0x0604	0x3000      	MOVLW      0
0x0605	0x00F4      	MOVWF      R4
0x0606	0x3004      	MOVLW      4
0x0607	0x00F5      	MOVWF      R4+1
0x0608	0x01F6      	CLRF       R4+2
0x0609	0x01F7      	CLRF       R4+3
0x060A	0x24C9      	CALL       _Div_32x32_S
0x060B	0x0870      	MOVF       R0, 0
0x060C	0x00D6      	MOVWF      _value
0x060D	0x0871      	MOVF       R0+1, 0
0x060E	0x00D7      	MOVWF      _value+1
0x060F	0x0872      	MOVF       R0+2, 0
0x0610	0x00D8      	MOVWF      _value+2
0x0611	0x0873      	MOVF       R0+3, 0
0x0612	0x00D9      	MOVWF      _value+3
;pwmongpio.c,59 :: 		i=(int)value;
0x0613	0x0870      	MOVF       R0, 0
0x0614	0x00D0      	MOVWF      _i
0x0615	0x0871      	MOVF       R0+1, 0
0x0616	0x00D1      	MOVWF      _i+1
;pwmongpio.c,60 :: 		inttostr(i/10,txt);
0x0617	0x300A      	MOVLW      10
0x0618	0x00F4      	MOVWF      R4
0x0619	0x3000      	MOVLW      0
0x061A	0x00F5      	MOVWF      R4+1
0x061B	0x2373      	CALL       _Div_16x16_S
0x061C	0x0870      	MOVF       R0, 0
0x061D	0x00DC      	MOVWF      FARG_IntToStr_input
0x061E	0x0871      	MOVF       R0+1, 0
0x061F	0x00DD      	MOVWF      FARG_IntToStr_input+1
0x0620	0x3052      	MOVLW      _txt
0x0621	0x00DE      	MOVWF      FARG_IntToStr_output
0x0622	0x23DC      	CALL       _IntToStr
;pwmongpio.c,61 :: 		lcd_out(1,11,txt);
0x0623	0x3001      	MOVLW      1
0x0624	0x00DC      	MOVWF      FARG_Lcd_Out_row
0x0625	0x300B      	MOVLW      11
0x0626	0x00DD      	MOVWF      FARG_Lcd_Out_column
0x0627	0x3052      	MOVLW      _txt
0x0628	0x00DE      	MOVWF      FARG_Lcd_Out_text
0x0629	0x247D      	CALL       _Lcd_Out
;pwmongpio.c,64 :: 		}
0x062A	0x2DD1      	GOTO       L_main3
;pwmongpio.c,66 :: 		}
L_end_main:
0x062B	0x2E2B      	GOTO       $+0
; end of _main
0x063E	0x302D      	MOVLW      45
0x063F	0x0084      	MOVWF      FSR
0x0640	0x300C      	MOVLW      12
0x0641	0x1283      	BCF        STATUS, 5
0x0642	0x1303      	BCF        STATUS, 6
0x0643	0x00F0      	MOVWF      R0
0x0644	0x3031      	MOVLW      49
0x0645	0x00B9      	MOVWF      ___DoICPAddr
0x0646	0x3006      	MOVLW      6
0x0647	0x00BA      	MOVWF      58
0x0648	0x24BD      	CALL       1213
0x0649	0x0008      	RETURN
;__Lib_ADC_A_C.c,0 :: ?ICS_vref_mask
0x0631	0x340F ;?ICS_vref_mask+0
; end of ?ICS_vref_mask
;pwmongpio.c,0 :: ?ICS?lstr1_pwmongpio
0x0632	0x3444 ;?ICS?lstr1_pwmongpio+0
0x0633	0x3475 ;?ICS?lstr1_pwmongpio+1
0x0634	0x3474 ;?ICS?lstr1_pwmongpio+2
0x0635	0x3479 ;?ICS?lstr1_pwmongpio+3
0x0636	0x3463 ;?ICS?lstr1_pwmongpio+4
0x0637	0x3479 ;?ICS?lstr1_pwmongpio+5
0x0638	0x3463 ;?ICS?lstr1_pwmongpio+6
0x0639	0x346C ;?ICS?lstr1_pwmongpio+7
0x063A	0x3465 ;?ICS?lstr1_pwmongpio+8
0x063B	0x343D ;?ICS?lstr1_pwmongpio+9
0x063C	0x3400 ;?ICS?lstr1_pwmongpio+10
; end of ?ICS?lstr1_pwmongpio
Symbol List:
//** Routines locations **
//ADDRESS    SIZE    PROCEDURE
//----------------------------------------------
0x0004     [223]    _interrupt
0x00E3       [2]    _Delay_1us
0x00E5      [11]    _Delay_5500us
0x00F0       [8]    _Delay_50us
0x00F8      [64]    _Lcd_Cmd
0x0138      [29]    _Div_16X16_U
0x0155       [8]    _Lcd_Chr_CP
0x015D      [12]    _COMFREM
0x0169       [7]    _____DoICP
0x0170      [64]    _WordToStr
0x01B0      [78]    _Lcd_Init
0x01FE      [22]    _ADC_Init
0x0214     [300]    _SDIV3232L
0x0340       [7]    _Delay_22us
0x0347      [44]    _Div_16x16_S_L
0x0373     [105]    _Div_16x16_S
0x03DC     [106]    _IntToStr
0x0446      [55]    _Mul_32x32_U
0x047D      [64]    _Lcd_Out
0x04BD      [12]    ___CC2DW
0x04C9     [181]    _Div_32x32_S
0x057E      [40]    _ADC_Read
0x05A6      [31]    _maininit
0x05C5     [102]    _main
//** Variables locations ** 
//ADDRESS    SIZE    VARIABLE
//----------------------------------------------
0x0000       [1]    INDF
0x0002       [1]    PCL
0x0003       [1]    STATUS
0x0004       [1]    FSR
0x0006       [1]    PORTB
0x0007       [0]    lcd_en
0x0007       [0]    RC0_bit
0x0007       [0]    RC1_bit
0x0007       [0]    lcd_d4
0x0007       [0]    lcd_d7
0x0007       [0]    lcd_d6
0x0007       [0]    lcd_d5
0x0007       [0]    RC2_bit
0x0007       [0]    lcd_rs
0x0007       [0]    RC3_bit
0x0007       [0]    RC4_bit
0x0007       [0]    RC5_bit
0x000A       [1]    PCLATH
0x000B       [0]    PEIE_bit
0x000B       [0]    GIE_bit
0x000C       [0]    TMR1IF_bit
0x000E       [1]    TMR1L
0x000F       [1]    TMR1H
0x0010       [1]    T1CON
0x001E       [1]    ADRESH
0x001F       [1]    ADCON0
0x001F       [0]    CHS0_bit
0x001F       [0]    CHS2_bit
0x001F       [0]    CHS1_bit
0x0020       [1]    ___math_tempb
0x002D       [1]    _vref_mask
0x002E      [11]    ?lstr1_pwmongpio
0x0039       [2]    ___DoICPAddr
0x003B       [4]    _tmrvalue2
0x003F       [0]    __Lib_Lcd_cmd_status
0x0040       [4]    _Ton
0x0044       [4]    _Toff
0x0048       [4]    _tmrvalue1
0x004C       [3]    _ADC_Get_Sample_Ptr
0x004F       [1]    _state
0x0050       [2]    _i
0x0052       [4]    _txt
0x0056       [4]    _value
0x005A       [1]    ___saveSTATUS
0x005B       [1]    ___savePCLATH
0x005C       [1]    FARG_Lcd_Out_row
0x005C       [1]    FARG_ADC_Read_channel
0x005C       [2]    FARG_IntToStr_input
0x005D       [1]    FARG_Lcd_Out_column
0x005E       [1]    FARG_IntToStr_output
0x005E       [1]    FARG_Lcd_Out_text
0x005F       [1]    Lcd_Out_i_L0
0x005F       [2]    IntToStr_i_L0
0x0061       [2]    IntToStr_negative_L0
0x0063       [2]    IntToStr_inword_L0
0x0065       [2]    FARG_WordToStr_input
0x0065       [1]    FARG_Lcd_Chr_CP_out_char
0x0067       [1]    FARG_WordToStr_output
0x0068       [1]    WordToStr_len_L0
0x0069       [1]    FLOC__WordToStr
0x006A       [1]    FARG_Lcd_Cmd_out_char
0x0070       [1]    R0
0x0071       [1]    R1
0x0072       [1]    R2
0x0073       [1]    R3
0x0074       [1]    R4
0x0075       [1]    R5
0x0076       [1]    R6
0x0077       [1]    R7
0x0078       [1]    R8
0x0079       [1]    R9
0x007A       [1]    R10
0x007B       [1]    R11
0x007C       [1]    R12
0x007D       [1]    R13
0x007E       [1]    R14
0x007F       [1]    R15
0x0085       [1]    TRISA
0x0086       [1]    TRISB
0x0087       [0]    lcd_d7_direction
0x0087       [0]    lcd_d6_direction
0x0087       [0]    TRISC3_bit
0x0087       [0]    TRISC4_bit
0x0087       [0]    TRISC5_bit
0x0087       [0]    TRISC0_bit
0x0087       [0]    TRISC1_bit
0x0087       [0]    TRISC2_bit
0x0087       [0]    lcd_en_direction
0x0087       [0]    lcd_d4_direction
0x0087       [0]    lcd_d5_direction
0x0087       [0]    lcd_rs_direction
0x008C       [0]    TMR1IE_bit
0x009E       [1]    ADRESL
0x009F       [1]    ADCON1
//** Constants locations ** 
//ADDRESS    SIZE    CONSTANT
//----------------------------------------------
0x0631       [1]    ?ICS_vref_mask
0x0632      [11]    ?ICS?lstr1_pwmongpio
